Sep 17, 2018 6:34:29 PM org.apache.catalina.startup.VersionLoggerListener log
INFO: Server version:        Apache Tomcat/7.0.81
Sep 17, 2018 6:34:29 PM org.apache.catalina.startup.VersionLoggerListener log
INFO: Server built:          Aug 11 2017 10:21:27 UTC
Sep 17, 2018 6:34:29 PM org.apache.catalina.startup.VersionLoggerListener log
INFO: Server number:         7.0.81.0
Sep 17, 2018 6:34:29 PM org.apache.catalina.startup.VersionLoggerListener log
INFO: OS Name:               Mac OS X
Sep 17, 2018 6:34:29 PM org.apache.catalina.startup.VersionLoggerListener log
INFO: OS Version:            10.13.6
Sep 17, 2018 6:34:29 PM org.apache.catalina.startup.VersionLoggerListener log
INFO: Architecture:          x86_64
Sep 17, 2018 6:34:29 PM org.apache.catalina.startup.VersionLoggerListener log
INFO: Java Home:             /Library/Java/JavaVirtualMachines/jdk1.8.0_144.jdk/Contents/Home/jre
Sep 17, 2018 6:34:29 PM org.apache.catalina.startup.VersionLoggerListener log
INFO: JVM Version:           1.8.0_144-b01
Sep 17, 2018 6:34:29 PM org.apache.catalina.startup.VersionLoggerListener log
INFO: JVM Vendor:            Oracle Corporation
Sep 17, 2018 6:34:29 PM org.apache.catalina.startup.VersionLoggerListener log
INFO: CATALINA_BASE:         /Users/Denny/Desktop/tomcat
Sep 17, 2018 6:34:29 PM org.apache.catalina.startup.VersionLoggerListener log
INFO: CATALINA_HOME:         /Users/Denny/Desktop/tomcat
Sep 17, 2018 6:34:29 PM org.apache.catalina.startup.VersionLoggerListener log
INFO: Command line argument: -Djava.util.logging.config.file=/Users/Denny/Desktop/tomcat/conf/logging.properties
Sep 17, 2018 6:34:29 PM org.apache.catalina.startup.VersionLoggerListener log
INFO: Command line argument: -Djava.util.logging.manager=org.apache.juli.ClassLoaderLogManager
Sep 17, 2018 6:34:29 PM org.apache.catalina.startup.VersionLoggerListener log
INFO: Command line argument: -Djdk.tls.ephemeralDHKeySize=2048
Sep 17, 2018 6:34:29 PM org.apache.catalina.startup.VersionLoggerListener log
INFO: Command line argument: -Djava.endorsed.dirs=/Users/Denny/Desktop/tomcat/endorsed
Sep 17, 2018 6:34:29 PM org.apache.catalina.startup.VersionLoggerListener log
INFO: Command line argument: -Dcatalina.base=/Users/Denny/Desktop/tomcat
Sep 17, 2018 6:34:29 PM org.apache.catalina.startup.VersionLoggerListener log
INFO: Command line argument: -Dcatalina.home=/Users/Denny/Desktop/tomcat
Sep 17, 2018 6:34:29 PM org.apache.catalina.startup.VersionLoggerListener log
INFO: Command line argument: -Djava.io.tmpdir=/Users/Denny/Desktop/tomcat/temp
Sep 17, 2018 6:34:29 PM org.apache.catalina.core.AprLifecycleListener lifecycleEvent
INFO: The APR based Apache Tomcat Native library which allows optimal performance in production environments was not found on the java.library.path: /Users/Denny/Library/Java/Extensions:/Library/Java/Extensions:/Network/Library/Java/Extensions:/System/Library/Java/Extensions:/usr/lib/java:.
Sep 17, 2018 6:34:29 PM org.apache.coyote.AbstractProtocol init
INFO: Initializing ProtocolHandler ["http-bio-8080"]
Sep 17, 2018 6:34:29 PM org.apache.coyote.AbstractProtocol init
INFO: Initializing ProtocolHandler ["ajp-bio-8009"]
Sep 17, 2018 6:34:29 PM org.apache.catalina.startup.Catalina load
INFO: Initialization processed in 1033 ms
Sep 17, 2018 6:34:30 PM org.apache.catalina.core.StandardService startInternal
INFO: Starting service Catalina
Sep 17, 2018 6:34:30 PM org.apache.catalina.core.StandardEngine startInternal
INFO: Starting Servlet Engine: Apache Tomcat/7.0.81
Sep 17, 2018 6:34:30 PM org.apache.catalina.startup.HostConfig deployDirectory
INFO: Deploying web application directory /Users/Denny/Desktop/tomcat/webapps/docs
Sep 17, 2018 6:34:30 PM org.apache.catalina.startup.TldConfig execute
INFO: At least one JAR was scanned for TLDs yet contained no TLDs. Enable debug logging for this logger for a complete list of JARs that were scanned but no TLDs were found in them. Skipping unneeded JARs during scanning can improve startup time and JSP compilation time.
Sep 17, 2018 6:34:30 PM org.apache.catalina.startup.HostConfig deployDirectory
INFO: Deployment of web application directory /Users/Denny/Desktop/tomcat/webapps/docs has finished in 701 ms
Sep 17, 2018 6:34:30 PM org.apache.catalina.startup.HostConfig deployDirectory
INFO: Deploying web application directory /Users/Denny/Desktop/tomcat/webapps/manager
Sep 17, 2018 6:34:31 PM org.apache.catalina.startup.TldConfig execute
INFO: At least one JAR was scanned for TLDs yet contained no TLDs. Enable debug logging for this logger for a complete list of JARs that were scanned but no TLDs were found in them. Skipping unneeded JARs during scanning can improve startup time and JSP compilation time.
Sep 17, 2018 6:34:31 PM org.apache.catalina.startup.HostConfig deployDirectory
INFO: Deployment of web application directory /Users/Denny/Desktop/tomcat/webapps/manager has finished in 318 ms
Sep 17, 2018 6:34:31 PM org.apache.catalina.startup.HostConfig deployDirectory
INFO: Deploying web application directory /Users/Denny/Desktop/tomcat/webapps/Asn01
Sep 17, 2018 6:34:31 PM org.apache.catalina.startup.TldConfig execute
INFO: At least one JAR was scanned for TLDs yet contained no TLDs. Enable debug logging for this logger for a complete list of JARs that were scanned but no TLDs were found in them. Skipping unneeded JARs during scanning can improve startup time and JSP compilation time.
Sep 17, 2018 6:34:31 PM org.apache.catalina.startup.HostConfig deployDirectory
INFO: Deployment of web application directory /Users/Denny/Desktop/tomcat/webapps/Asn01 has finished in 352 ms
Sep 17, 2018 6:34:31 PM org.apache.catalina.startup.HostConfig deployDirectory
INFO: Deploying web application directory /Users/Denny/Desktop/tomcat/webapps/examples
Sep 17, 2018 6:34:31 PM org.apache.catalina.startup.TldConfig execute
INFO: At least one JAR was scanned for TLDs yet contained no TLDs. Enable debug logging for this logger for a complete list of JARs that were scanned but no TLDs were found in them. Skipping unneeded JARs during scanning can improve startup time and JSP compilation time.
Sep 17, 2018 6:34:31 PM org.apache.catalina.startup.HostConfig deployDirectory
INFO: Deployment of web application directory /Users/Denny/Desktop/tomcat/webapps/examples has finished in 567 ms
Sep 17, 2018 6:34:31 PM org.apache.catalina.startup.HostConfig deployDirectory
INFO: Deploying web application directory /Users/Denny/Desktop/tomcat/webapps/midp
Sep 17, 2018 6:34:32 PM org.apache.catalina.startup.TldConfig execute
INFO: At least one JAR was scanned for TLDs yet contained no TLDs. Enable debug logging for this logger for a complete list of JARs that were scanned but no TLDs were found in them. Skipping unneeded JARs during scanning can improve startup time and JSP compilation time.
Sep 17, 2018 6:34:32 PM org.apache.catalina.startup.HostConfig deployDirectory
INFO: Deployment of web application directory /Users/Denny/Desktop/tomcat/webapps/midp has finished in 257 ms
Sep 17, 2018 6:34:32 PM org.apache.catalina.startup.HostConfig deployDirectory
INFO: Deploying web application directory /Users/Denny/Desktop/tomcat/webapps/ROOT
Sep 17, 2018 6:34:32 PM org.apache.catalina.startup.TldConfig execute
INFO: At least one JAR was scanned for TLDs yet contained no TLDs. Enable debug logging for this logger for a complete list of JARs that were scanned but no TLDs were found in them. Skipping unneeded JARs during scanning can improve startup time and JSP compilation time.
Sep 17, 2018 6:34:32 PM org.apache.catalina.startup.HostConfig deployDirectory
INFO: Deployment of web application directory /Users/Denny/Desktop/tomcat/webapps/ROOT has finished in 221 ms
Sep 17, 2018 6:34:32 PM org.apache.catalina.startup.HostConfig deployDirectory
INFO: Deploying web application directory /Users/Denny/Desktop/tomcat/webapps/host-manager
Sep 17, 2018 6:34:32 PM org.apache.catalina.startup.TldConfig execute
INFO: At least one JAR was scanned for TLDs yet contained no TLDs. Enable debug logging for this logger for a complete list of JARs that were scanned but no TLDs were found in them. Skipping unneeded JARs during scanning can improve startup time and JSP compilation time.
Sep 17, 2018 6:34:32 PM org.apache.catalina.startup.HostConfig deployDirectory
INFO: Deployment of web application directory /Users/Denny/Desktop/tomcat/webapps/host-manager has finished in 306 ms
Sep 17, 2018 6:34:32 PM org.apache.coyote.AbstractProtocol start
INFO: Starting ProtocolHandler ["http-bio-8080"]
Sep 17, 2018 6:34:32 PM org.apache.coyote.AbstractProtocol start
INFO: Starting ProtocolHandler ["ajp-bio-8009"]
Sep 17, 2018 6:34:32 PM org.apache.catalina.startup.Catalina start
INFO: Server startup in 2820 ms
Sep 17, 2018 7:20:32 PM org.apache.catalina.core.StandardServer await
INFO: A valid shutdown command was received via the shutdown port. Stopping the Server instance.
Sep 17, 2018 7:20:32 PM org.apache.coyote.AbstractProtocol pause
INFO: Pausing ProtocolHandler ["http-bio-8080"]
Sep 17, 2018 7:20:32 PM org.apache.coyote.AbstractProtocol pause
INFO: Pausing ProtocolHandler ["ajp-bio-8009"]
Sep 17, 2018 7:20:32 PM org.apache.catalina.core.StandardService stopInternal
INFO: Stopping service Catalina
Sep 17, 2018 7:20:33 PM org.apache.coyote.AbstractProtocol stop
INFO: Stopping ProtocolHandler ["http-bio-8080"]
Sep 17, 2018 7:20:33 PM org.apache.coyote.AbstractProtocol stop
INFO: Stopping ProtocolHandler ["ajp-bio-8009"]
Sep 17, 2018 7:20:33 PM org.apache.coyote.AbstractProtocol destroy
INFO: Destroying ProtocolHandler ["http-bio-8080"]
Sep 17, 2018 7:20:33 PM org.apache.coyote.AbstractProtocol destroy
INFO: Destroying ProtocolHandler ["ajp-bio-8009"]
Sep 17, 2018 8:14:18 PM org.apache.catalina.startup.VersionLoggerListener log
INFO: Server version:        Apache Tomcat/7.0.81
Sep 17, 2018 8:14:18 PM org.apache.catalina.startup.VersionLoggerListener log
INFO: Server built:          Aug 11 2017 10:21:27 UTC
Sep 17, 2018 8:14:18 PM org.apache.catalina.startup.VersionLoggerListener log
INFO: Server number:         7.0.81.0
Sep 17, 2018 8:14:18 PM org.apache.catalina.startup.VersionLoggerListener log
INFO: OS Name:               Mac OS X
Sep 17, 2018 8:14:18 PM org.apache.catalina.startup.VersionLoggerListener log
INFO: OS Version:            10.13.6
Sep 17, 2018 8:14:18 PM org.apache.catalina.startup.VersionLoggerListener log
INFO: Architecture:          x86_64
Sep 17, 2018 8:14:18 PM org.apache.catalina.startup.VersionLoggerListener log
INFO: Java Home:             /Library/Java/JavaVirtualMachines/jdk1.8.0_144.jdk/Contents/Home/jre
Sep 17, 2018 8:14:18 PM org.apache.catalina.startup.VersionLoggerListener log
INFO: JVM Version:           1.8.0_144-b01
Sep 17, 2018 8:14:18 PM org.apache.catalina.startup.VersionLoggerListener log
INFO: JVM Vendor:            Oracle Corporation
Sep 17, 2018 8:14:18 PM org.apache.catalina.startup.VersionLoggerListener log
INFO: CATALINA_BASE:         /Users/Denny/Desktop/tomcat
Sep 17, 2018 8:14:18 PM org.apache.catalina.startup.VersionLoggerListener log
INFO: CATALINA_HOME:         /Users/Denny/Desktop/tomcat
Sep 17, 2018 8:14:18 PM org.apache.catalina.startup.VersionLoggerListener log
INFO: Command line argument: -Djava.util.logging.config.file=/Users/Denny/Desktop/tomcat/conf/logging.properties
Sep 17, 2018 8:14:18 PM org.apache.catalina.startup.VersionLoggerListener log
INFO: Command line argument: -Djava.util.logging.manager=org.apache.juli.ClassLoaderLogManager
Sep 17, 2018 8:14:18 PM org.apache.catalina.startup.VersionLoggerListener log
INFO: Command line argument: -Djdk.tls.ephemeralDHKeySize=2048
Sep 17, 2018 8:14:18 PM org.apache.catalina.startup.VersionLoggerListener log
INFO: Command line argument: -Djava.endorsed.dirs=/Users/Denny/Desktop/tomcat/endorsed
Sep 17, 2018 8:14:18 PM org.apache.catalina.startup.VersionLoggerListener log
INFO: Command line argument: -Dcatalina.base=/Users/Denny/Desktop/tomcat
Sep 17, 2018 8:14:18 PM org.apache.catalina.startup.VersionLoggerListener log
INFO: Command line argument: -Dcatalina.home=/Users/Denny/Desktop/tomcat
Sep 17, 2018 8:14:18 PM org.apache.catalina.startup.VersionLoggerListener log
INFO: Command line argument: -Djava.io.tmpdir=/Users/Denny/Desktop/tomcat/temp
Sep 17, 2018 8:14:18 PM org.apache.catalina.core.AprLifecycleListener lifecycleEvent
INFO: The APR based Apache Tomcat Native library which allows optimal performance in production environments was not found on the java.library.path: /Users/Denny/Library/Java/Extensions:/Library/Java/Extensions:/Network/Library/Java/Extensions:/System/Library/Java/Extensions:/usr/lib/java:.
Sep 17, 2018 8:14:18 PM org.apache.coyote.AbstractProtocol init
INFO: Initializing ProtocolHandler ["http-bio-8080"]
Sep 17, 2018 8:14:18 PM org.apache.coyote.AbstractProtocol init
INFO: Initializing ProtocolHandler ["ajp-bio-8009"]
Sep 17, 2018 8:14:18 PM org.apache.catalina.startup.Catalina load
INFO: Initialization processed in 1247 ms
Sep 17, 2018 8:14:18 PM org.apache.catalina.core.StandardService startInternal
INFO: Starting service Catalina
Sep 17, 2018 8:14:18 PM org.apache.catalina.core.StandardEngine startInternal
INFO: Starting Servlet Engine: Apache Tomcat/7.0.81
Sep 17, 2018 8:14:19 PM org.apache.catalina.startup.HostConfig deployDirectory
INFO: Deploying web application directory /Users/Denny/Desktop/tomcat/webapps/docs
Sep 17, 2018 8:14:19 PM org.apache.catalina.startup.TldConfig execute
INFO: At least one JAR was scanned for TLDs yet contained no TLDs. Enable debug logging for this logger for a complete list of JARs that were scanned but no TLDs were found in them. Skipping unneeded JARs during scanning can improve startup time and JSP compilation time.
Sep 17, 2018 8:14:19 PM org.apache.catalina.startup.HostConfig deployDirectory
INFO: Deployment of web application directory /Users/Denny/Desktop/tomcat/webapps/docs has finished in 849 ms
Sep 17, 2018 8:14:19 PM org.apache.catalina.startup.HostConfig deployDirectory
INFO: Deploying web application directory /Users/Denny/Desktop/tomcat/webapps/manager
Sep 17, 2018 8:14:20 PM org.apache.catalina.startup.TldConfig execute
INFO: At least one JAR was scanned for TLDs yet contained no TLDs. Enable debug logging for this logger for a complete list of JARs that were scanned but no TLDs were found in them. Skipping unneeded JARs during scanning can improve startup time and JSP compilation time.
Sep 17, 2018 8:14:20 PM org.apache.catalina.startup.HostConfig deployDirectory
INFO: Deployment of web application directory /Users/Denny/Desktop/tomcat/webapps/manager has finished in 362 ms
Sep 17, 2018 8:14:20 PM org.apache.catalina.startup.HostConfig deployDirectory
INFO: Deploying web application directory /Users/Denny/Desktop/tomcat/webapps/Asn01
Sep 17, 2018 8:14:20 PM org.apache.catalina.startup.TldConfig execute
INFO: At least one JAR was scanned for TLDs yet contained no TLDs. Enable debug logging for this logger for a complete list of JARs that were scanned but no TLDs were found in them. Skipping unneeded JARs during scanning can improve startup time and JSP compilation time.
Sep 17, 2018 8:14:20 PM org.apache.catalina.startup.HostConfig deployDirectory
INFO: Deployment of web application directory /Users/Denny/Desktop/tomcat/webapps/Asn01 has finished in 410 ms
Sep 17, 2018 8:14:20 PM org.apache.catalina.startup.HostConfig deployDirectory
INFO: Deploying web application directory /Users/Denny/Desktop/tomcat/webapps/examples
Sep 17, 2018 8:14:21 PM org.apache.catalina.startup.TldConfig execute
INFO: At least one JAR was scanned for TLDs yet contained no TLDs. Enable debug logging for this logger for a complete list of JARs that were scanned but no TLDs were found in them. Skipping unneeded JARs during scanning can improve startup time and JSP compilation time.
Sep 17, 2018 8:14:21 PM org.apache.catalina.startup.HostConfig deployDirectory
INFO: Deployment of web application directory /Users/Denny/Desktop/tomcat/webapps/examples has finished in 1,083 ms
Sep 17, 2018 8:14:21 PM org.apache.catalina.startup.HostConfig deployDirectory
INFO: Deploying web application directory /Users/Denny/Desktop/tomcat/webapps/midp
Sep 17, 2018 8:14:21 PM org.apache.catalina.startup.TldConfig execute
INFO: At least one JAR was scanned for TLDs yet contained no TLDs. Enable debug logging for this logger for a complete list of JARs that were scanned but no TLDs were found in them. Skipping unneeded JARs during scanning can improve startup time and JSP compilation time.
Sep 17, 2018 8:14:22 PM org.apache.catalina.startup.HostConfig deployDirectory
INFO: Deployment of web application directory /Users/Denny/Desktop/tomcat/webapps/midp has finished in 294 ms
Sep 17, 2018 8:14:22 PM org.apache.catalina.startup.HostConfig deployDirectory
INFO: Deploying web application directory /Users/Denny/Desktop/tomcat/webapps/ROOT
Sep 17, 2018 8:14:22 PM org.apache.catalina.startup.TldConfig execute
INFO: At least one JAR was scanned for TLDs yet contained no TLDs. Enable debug logging for this logger for a complete list of JARs that were scanned but no TLDs were found in them. Skipping unneeded JARs during scanning can improve startup time and JSP compilation time.
Sep 17, 2018 8:14:22 PM org.apache.catalina.startup.HostConfig deployDirectory
INFO: Deployment of web application directory /Users/Denny/Desktop/tomcat/webapps/ROOT has finished in 239 ms
Sep 17, 2018 8:14:22 PM org.apache.catalina.startup.HostConfig deployDirectory
INFO: Deploying web application directory /Users/Denny/Desktop/tomcat/webapps/host-manager
Sep 17, 2018 8:14:22 PM org.apache.catalina.startup.TldConfig execute
INFO: At least one JAR was scanned for TLDs yet contained no TLDs. Enable debug logging for this logger for a complete list of JARs that were scanned but no TLDs were found in them. Skipping unneeded JARs during scanning can improve startup time and JSP compilation time.
Sep 17, 2018 8:14:22 PM org.apache.catalina.startup.HostConfig deployDirectory
INFO: Deployment of web application directory /Users/Denny/Desktop/tomcat/webapps/host-manager has finished in 238 ms
Sep 17, 2018 8:14:22 PM org.apache.coyote.AbstractProtocol start
INFO: Starting ProtocolHandler ["http-bio-8080"]
Sep 17, 2018 8:14:22 PM org.apache.coyote.AbstractProtocol start
INFO: Starting ProtocolHandler ["ajp-bio-8009"]
Sep 17, 2018 8:14:22 PM org.apache.catalina.startup.Catalina start
INFO: Server startup in 3566 ms
Sep 17, 2018 8:17:04 PM org.apache.catalina.core.StandardServer await
INFO: A valid shutdown command was received via the shutdown port. Stopping the Server instance.
Sep 17, 2018 8:17:04 PM org.apache.coyote.AbstractProtocol pause
INFO: Pausing ProtocolHandler ["http-bio-8080"]
Sep 17, 2018 8:17:04 PM org.apache.coyote.AbstractProtocol pause
INFO: Pausing ProtocolHandler ["ajp-bio-8009"]
Sep 17, 2018 8:17:05 PM org.apache.catalina.core.StandardService stopInternal
INFO: Stopping service Catalina
Sep 17, 2018 8:17:05 PM org.apache.coyote.AbstractProtocol stop
INFO: Stopping ProtocolHandler ["http-bio-8080"]
Sep 17, 2018 8:17:05 PM org.apache.coyote.AbstractProtocol stop
INFO: Stopping ProtocolHandler ["ajp-bio-8009"]
Sep 17, 2018 8:17:05 PM org.apache.coyote.AbstractProtocol destroy
INFO: Destroying ProtocolHandler ["http-bio-8080"]
Sep 17, 2018 8:17:05 PM org.apache.coyote.AbstractProtocol destroy
INFO: Destroying ProtocolHandler ["ajp-bio-8009"]
Sep 17, 2018 8:17:32 PM org.apache.catalina.startup.VersionLoggerListener log
INFO: Server version:        Apache Tomcat/7.0.81
Sep 17, 2018 8:17:32 PM org.apache.catalina.startup.VersionLoggerListener log
INFO: Server built:          Aug 11 2017 10:21:27 UTC
Sep 17, 2018 8:17:32 PM org.apache.catalina.startup.VersionLoggerListener log
INFO: Server number:         7.0.81.0
Sep 17, 2018 8:17:32 PM org.apache.catalina.startup.VersionLoggerListener log
INFO: OS Name:               Mac OS X
Sep 17, 2018 8:17:32 PM org.apache.catalina.startup.VersionLoggerListener log
INFO: OS Version:            10.13.6
Sep 17, 2018 8:17:32 PM org.apache.catalina.startup.VersionLoggerListener log
INFO: Architecture:          x86_64
Sep 17, 2018 8:17:32 PM org.apache.catalina.startup.VersionLoggerListener log
INFO: Java Home:             /Library/Java/JavaVirtualMachines/jdk1.8.0_144.jdk/Contents/Home/jre
Sep 17, 2018 8:17:32 PM org.apache.catalina.startup.VersionLoggerListener log
INFO: JVM Version:           1.8.0_144-b01
Sep 17, 2018 8:17:32 PM org.apache.catalina.startup.VersionLoggerListener log
INFO: JVM Vendor:            Oracle Corporation
Sep 17, 2018 8:17:32 PM org.apache.catalina.startup.VersionLoggerListener log
INFO: CATALINA_BASE:         /Users/Denny/Desktop/tomcat
Sep 17, 2018 8:17:32 PM org.apache.catalina.startup.VersionLoggerListener log
INFO: CATALINA_HOME:         /Users/Denny/Desktop/tomcat
Sep 17, 2018 8:17:32 PM org.apache.catalina.startup.VersionLoggerListener log
INFO: Command line argument: -Djava.util.logging.config.file=/Users/Denny/Desktop/tomcat/conf/logging.properties
Sep 17, 2018 8:17:32 PM org.apache.catalina.startup.VersionLoggerListener log
INFO: Command line argument: -Djava.util.logging.manager=org.apache.juli.ClassLoaderLogManager
Sep 17, 2018 8:17:32 PM org.apache.catalina.startup.VersionLoggerListener log
INFO: Command line argument: -Djdk.tls.ephemeralDHKeySize=2048
Sep 17, 2018 8:17:32 PM org.apache.catalina.startup.VersionLoggerListener log
INFO: Command line argument: -Djava.endorsed.dirs=/Users/Denny/Desktop/tomcat/endorsed
Sep 17, 2018 8:17:32 PM org.apache.catalina.startup.VersionLoggerListener log
INFO: Command line argument: -Dcatalina.base=/Users/Denny/Desktop/tomcat
Sep 17, 2018 8:17:32 PM org.apache.catalina.startup.VersionLoggerListener log
INFO: Command line argument: -Dcatalina.home=/Users/Denny/Desktop/tomcat
Sep 17, 2018 8:17:32 PM org.apache.catalina.startup.VersionLoggerListener log
INFO: Command line argument: -Djava.io.tmpdir=/Users/Denny/Desktop/tomcat/temp
Sep 17, 2018 8:17:32 PM org.apache.catalina.core.AprLifecycleListener lifecycleEvent
INFO: The APR based Apache Tomcat Native library which allows optimal performance in production environments was not found on the java.library.path: /Users/Denny/Library/Java/Extensions:/Library/Java/Extensions:/Network/Library/Java/Extensions:/System/Library/Java/Extensions:/usr/lib/java:.
Sep 17, 2018 8:17:32 PM org.apache.coyote.AbstractProtocol init
INFO: Initializing ProtocolHandler ["http-bio-8080"]
Sep 17, 2018 8:17:32 PM org.apache.coyote.AbstractProtocol init
INFO: Initializing ProtocolHandler ["ajp-bio-8009"]
Sep 17, 2018 8:17:32 PM org.apache.catalina.startup.Catalina load
INFO: Initialization processed in 975 ms
Sep 17, 2018 8:17:32 PM org.apache.catalina.core.StandardService startInternal
INFO: Starting service Catalina
Sep 17, 2018 8:17:32 PM org.apache.catalina.core.StandardEngine startInternal
INFO: Starting Servlet Engine: Apache Tomcat/7.0.81
Sep 17, 2018 8:17:32 PM org.apache.catalina.startup.HostConfig deployDirectory
INFO: Deploying web application directory /Users/Denny/Desktop/tomcat/webapps/docs
Sep 17, 2018 8:17:33 PM org.apache.catalina.startup.TldConfig execute
INFO: At least one JAR was scanned for TLDs yet contained no TLDs. Enable debug logging for this logger for a complete list of JARs that were scanned but no TLDs were found in them. Skipping unneeded JARs during scanning can improve startup time and JSP compilation time.
Sep 17, 2018 8:17:33 PM org.apache.catalina.startup.HostConfig deployDirectory
INFO: Deployment of web application directory /Users/Denny/Desktop/tomcat/webapps/docs has finished in 683 ms
Sep 17, 2018 8:17:33 PM org.apache.catalina.startup.HostConfig deployDirectory
INFO: Deploying web application directory /Users/Denny/Desktop/tomcat/webapps/manager
Sep 17, 2018 8:17:33 PM org.apache.catalina.startup.TldConfig execute
INFO: At least one JAR was scanned for TLDs yet contained no TLDs. Enable debug logging for this logger for a complete list of JARs that were scanned but no TLDs were found in them. Skipping unneeded JARs during scanning can improve startup time and JSP compilation time.
Sep 17, 2018 8:17:33 PM org.apache.catalina.startup.HostConfig deployDirectory
INFO: Deployment of web application directory /Users/Denny/Desktop/tomcat/webapps/manager has finished in 299 ms
Sep 17, 2018 8:17:33 PM org.apache.catalina.startup.HostConfig deployDirectory
INFO: Deploying web application directory /Users/Denny/Desktop/tomcat/webapps/Asn01
Sep 17, 2018 8:17:33 PM org.apache.catalina.startup.TldConfig execute
INFO: At least one JAR was scanned for TLDs yet contained no TLDs. Enable debug logging for this logger for a complete list of JARs that were scanned but no TLDs were found in them. Skipping unneeded JARs during scanning can improve startup time and JSP compilation time.
Sep 17, 2018 8:17:33 PM org.apache.catalina.startup.HostConfig deployDirectory
INFO: Deployment of web application directory /Users/Denny/Desktop/tomcat/webapps/Asn01 has finished in 331 ms
Sep 17, 2018 8:17:33 PM org.apache.catalina.startup.HostConfig deployDirectory
INFO: Deploying web application directory /Users/Denny/Desktop/tomcat/webapps/examples
Sep 17, 2018 8:17:34 PM org.apache.catalina.startup.TldConfig execute
INFO: At least one JAR was scanned for TLDs yet contained no TLDs. Enable debug logging for this logger for a complete list of JARs that were scanned but no TLDs were found in them. Skipping unneeded JARs during scanning can improve startup time and JSP compilation time.
Sep 17, 2018 8:17:34 PM org.apache.catalina.startup.HostConfig deployDirectory
INFO: Deployment of web application directory /Users/Denny/Desktop/tomcat/webapps/examples has finished in 509 ms
Sep 17, 2018 8:17:34 PM org.apache.catalina.startup.HostConfig deployDirectory
INFO: Deploying web application directory /Users/Denny/Desktop/tomcat/webapps/midp
Sep 17, 2018 8:17:34 PM org.apache.catalina.startup.TldConfig execute
INFO: At least one JAR was scanned for TLDs yet contained no TLDs. Enable debug logging for this logger for a complete list of JARs that were scanned but no TLDs were found in them. Skipping unneeded JARs during scanning can improve startup time and JSP compilation time.
Sep 17, 2018 8:17:34 PM org.apache.catalina.startup.HostConfig deployDirectory
INFO: Deployment of web application directory /Users/Denny/Desktop/tomcat/webapps/midp has finished in 247 ms
Sep 17, 2018 8:17:34 PM org.apache.catalina.startup.HostConfig deployDirectory
INFO: Deploying web application directory /Users/Denny/Desktop/tomcat/webapps/ROOT
Sep 17, 2018 8:17:34 PM org.apache.catalina.startup.TldConfig execute
INFO: At least one JAR was scanned for TLDs yet contained no TLDs. Enable debug logging for this logger for a complete list of JARs that were scanned but no TLDs were found in them. Skipping unneeded JARs during scanning can improve startup time and JSP compilation time.
Sep 17, 2018 8:17:34 PM org.apache.catalina.startup.HostConfig deployDirectory
INFO: Deployment of web application directory /Users/Denny/Desktop/tomcat/webapps/ROOT has finished in 192 ms
Sep 17, 2018 8:17:34 PM org.apache.catalina.startup.HostConfig deployDirectory
INFO: Deploying web application directory /Users/Denny/Desktop/tomcat/webapps/host-manager
Sep 17, 2018 8:17:35 PM org.apache.catalina.startup.TldConfig execute
INFO: At least one JAR was scanned for TLDs yet contained no TLDs. Enable debug logging for this logger for a complete list of JARs that were scanned but no TLDs were found in them. Skipping unneeded JARs during scanning can improve startup time and JSP compilation time.
Sep 17, 2018 8:17:35 PM org.apache.catalina.startup.HostConfig deployDirectory
INFO: Deployment of web application directory /Users/Denny/Desktop/tomcat/webapps/host-manager has finished in 257 ms
Sep 17, 2018 8:17:35 PM org.apache.coyote.AbstractProtocol start
INFO: Starting ProtocolHandler ["http-bio-8080"]
Sep 17, 2018 8:17:35 PM org.apache.coyote.AbstractProtocol start
INFO: Starting ProtocolHandler ["ajp-bio-8009"]
Sep 17, 2018 8:17:35 PM org.apache.catalina.startup.Catalina start
INFO: Server startup in 2622 ms
Sep 17, 2018 8:20:03 PM org.apache.catalina.core.StandardServer await
INFO: A valid shutdown command was received via the shutdown port. Stopping the Server instance.
Sep 17, 2018 8:20:03 PM org.apache.coyote.AbstractProtocol pause
INFO: Pausing ProtocolHandler ["http-bio-8080"]
Sep 17, 2018 8:20:03 PM org.apache.coyote.AbstractProtocol pause
INFO: Pausing ProtocolHandler ["ajp-bio-8009"]
Sep 17, 2018 8:20:03 PM org.apache.catalina.core.StandardService stopInternal
INFO: Stopping service Catalina
Sep 17, 2018 8:20:03 PM org.apache.coyote.AbstractProtocol stop
INFO: Stopping ProtocolHandler ["http-bio-8080"]
Sep 17, 2018 8:20:03 PM org.apache.coyote.AbstractProtocol stop
INFO: Stopping ProtocolHandler ["ajp-bio-8009"]
Sep 17, 2018 8:20:03 PM org.apache.coyote.AbstractProtocol destroy
INFO: Destroying ProtocolHandler ["http-bio-8080"]
Sep 17, 2018 8:20:03 PM org.apache.coyote.AbstractProtocol destroy
INFO: Destroying ProtocolHandler ["ajp-bio-8009"]
Sep 17, 2018 8:20:28 PM org.apache.catalina.startup.VersionLoggerListener log
INFO: Server version:        Apache Tomcat/7.0.81
Sep 17, 2018 8:20:28 PM org.apache.catalina.startup.VersionLoggerListener log
INFO: Server built:          Aug 11 2017 10:21:27 UTC
Sep 17, 2018 8:20:28 PM org.apache.catalina.startup.VersionLoggerListener log
INFO: Server number:         7.0.81.0
Sep 17, 2018 8:20:28 PM org.apache.catalina.startup.VersionLoggerListener log
INFO: OS Name:               Mac OS X
Sep 17, 2018 8:20:28 PM org.apache.catalina.startup.VersionLoggerListener log
INFO: OS Version:            10.13.6
Sep 17, 2018 8:20:28 PM org.apache.catalina.startup.VersionLoggerListener log
INFO: Architecture:          x86_64
Sep 17, 2018 8:20:28 PM org.apache.catalina.startup.VersionLoggerListener log
INFO: Java Home:             /Library/Java/JavaVirtualMachines/jdk1.8.0_144.jdk/Contents/Home/jre
Sep 17, 2018 8:20:28 PM org.apache.catalina.startup.VersionLoggerListener log
INFO: JVM Version:           1.8.0_144-b01
Sep 17, 2018 8:20:28 PM org.apache.catalina.startup.VersionLoggerListener log
INFO: JVM Vendor:            Oracle Corporation
Sep 17, 2018 8:20:28 PM org.apache.catalina.startup.VersionLoggerListener log
INFO: CATALINA_BASE:         /Users/Denny/Desktop/tomcat
Sep 17, 2018 8:20:28 PM org.apache.catalina.startup.VersionLoggerListener log
INFO: CATALINA_HOME:         /Users/Denny/Desktop/tomcat
Sep 17, 2018 8:20:28 PM org.apache.catalina.startup.VersionLoggerListener log
INFO: Command line argument: -Djava.util.logging.config.file=/Users/Denny/Desktop/tomcat/conf/logging.properties
Sep 17, 2018 8:20:28 PM org.apache.catalina.startup.VersionLoggerListener log
INFO: Command line argument: -Djava.util.logging.manager=org.apache.juli.ClassLoaderLogManager
Sep 17, 2018 8:20:28 PM org.apache.catalina.startup.VersionLoggerListener log
INFO: Command line argument: -Djdk.tls.ephemeralDHKeySize=2048
Sep 17, 2018 8:20:28 PM org.apache.catalina.startup.VersionLoggerListener log
INFO: Command line argument: -Djava.endorsed.dirs=/Users/Denny/Desktop/tomcat/endorsed
Sep 17, 2018 8:20:28 PM org.apache.catalina.startup.VersionLoggerListener log
INFO: Command line argument: -Dcatalina.base=/Users/Denny/Desktop/tomcat
Sep 17, 2018 8:20:28 PM org.apache.catalina.startup.VersionLoggerListener log
INFO: Command line argument: -Dcatalina.home=/Users/Denny/Desktop/tomcat
Sep 17, 2018 8:20:28 PM org.apache.catalina.startup.VersionLoggerListener log
INFO: Command line argument: -Djava.io.tmpdir=/Users/Denny/Desktop/tomcat/temp
Sep 17, 2018 8:20:28 PM org.apache.catalina.core.AprLifecycleListener lifecycleEvent
INFO: The APR based Apache Tomcat Native library which allows optimal performance in production environments was not found on the java.library.path: /Users/Denny/Library/Java/Extensions:/Library/Java/Extensions:/Network/Library/Java/Extensions:/System/Library/Java/Extensions:/usr/lib/java:.
Sep 17, 2018 8:20:28 PM org.apache.coyote.AbstractProtocol init
INFO: Initializing ProtocolHandler ["http-bio-8080"]
Sep 17, 2018 8:20:28 PM org.apache.coyote.AbstractProtocol init
INFO: Initializing ProtocolHandler ["ajp-bio-8009"]
Sep 17, 2018 8:20:28 PM org.apache.catalina.startup.Catalina load
INFO: Initialization processed in 746 ms
Sep 17, 2018 8:20:28 PM org.apache.catalina.core.StandardService startInternal
INFO: Starting service Catalina
Sep 17, 2018 8:20:28 PM org.apache.catalina.core.StandardEngine startInternal
INFO: Starting Servlet Engine: Apache Tomcat/7.0.81
Sep 17, 2018 8:20:28 PM org.apache.catalina.startup.HostConfig deployDirectory
INFO: Deploying web application directory /Users/Denny/Desktop/tomcat/webapps/docs
Sep 17, 2018 8:20:29 PM org.apache.catalina.startup.TldConfig execute
INFO: At least one JAR was scanned for TLDs yet contained no TLDs. Enable debug logging for this logger for a complete list of JARs that were scanned but no TLDs were found in them. Skipping unneeded JARs during scanning can improve startup time and JSP compilation time.
Sep 17, 2018 8:20:29 PM org.apache.catalina.startup.HostConfig deployDirectory
INFO: Deployment of web application directory /Users/Denny/Desktop/tomcat/webapps/docs has finished in 709 ms
Sep 17, 2018 8:20:29 PM org.apache.catalina.startup.HostConfig deployDirectory
INFO: Deploying web application directory /Users/Denny/Desktop/tomcat/webapps/manager
Sep 17, 2018 8:20:29 PM org.apache.catalina.startup.TldConfig execute
INFO: At least one JAR was scanned for TLDs yet contained no TLDs. Enable debug logging for this logger for a complete list of JARs that were scanned but no TLDs were found in them. Skipping unneeded JARs during scanning can improve startup time and JSP compilation time.
Sep 17, 2018 8:20:29 PM org.apache.catalina.startup.HostConfig deployDirectory
INFO: Deployment of web application directory /Users/Denny/Desktop/tomcat/webapps/manager has finished in 288 ms
Sep 17, 2018 8:20:29 PM org.apache.catalina.startup.HostConfig deployDirectory
INFO: Deploying web application directory /Users/Denny/Desktop/tomcat/webapps/Asn01
Sep 17, 2018 8:20:30 PM org.apache.catalina.startup.TldConfig execute
INFO: At least one JAR was scanned for TLDs yet contained no TLDs. Enable debug logging for this logger for a complete list of JARs that were scanned but no TLDs were found in them. Skipping unneeded JARs during scanning can improve startup time and JSP compilation time.
Sep 17, 2018 8:20:30 PM org.apache.catalina.startup.HostConfig deployDirectory
INFO: Deployment of web application directory /Users/Denny/Desktop/tomcat/webapps/Asn01 has finished in 381 ms
Sep 17, 2018 8:20:30 PM org.apache.catalina.startup.HostConfig deployDirectory
INFO: Deploying web application directory /Users/Denny/Desktop/tomcat/webapps/examples
Sep 17, 2018 8:20:30 PM org.apache.catalina.startup.TldConfig execute
INFO: At least one JAR was scanned for TLDs yet contained no TLDs. Enable debug logging for this logger for a complete list of JARs that were scanned but no TLDs were found in them. Skipping unneeded JARs during scanning can improve startup time and JSP compilation time.
Sep 17, 2018 8:20:30 PM org.apache.catalina.startup.HostConfig deployDirectory
INFO: Deployment of web application directory /Users/Denny/Desktop/tomcat/webapps/examples has finished in 476 ms
Sep 17, 2018 8:20:30 PM org.apache.catalina.startup.HostConfig deployDirectory
INFO: Deploying web application directory /Users/Denny/Desktop/tomcat/webapps/midp
Sep 17, 2018 8:20:30 PM org.apache.catalina.startup.TldConfig execute
INFO: At least one JAR was scanned for TLDs yet contained no TLDs. Enable debug logging for this logger for a complete list of JARs that were scanned but no TLDs were found in them. Skipping unneeded JARs during scanning can improve startup time and JSP compilation time.
Sep 17, 2018 8:20:30 PM org.apache.catalina.startup.HostConfig deployDirectory
INFO: Deployment of web application directory /Users/Denny/Desktop/tomcat/webapps/midp has finished in 216 ms
Sep 17, 2018 8:20:30 PM org.apache.catalina.startup.HostConfig deployDirectory
INFO: Deploying web application directory /Users/Denny/Desktop/tomcat/webapps/ROOT
Sep 17, 2018 8:20:31 PM org.apache.catalina.startup.TldConfig execute
INFO: At least one JAR was scanned for TLDs yet contained no TLDs. Enable debug logging for this logger for a complete list of JARs that were scanned but no TLDs were found in them. Skipping unneeded JARs during scanning can improve startup time and JSP compilation time.
Sep 17, 2018 8:20:31 PM org.apache.catalina.startup.HostConfig deployDirectory
INFO: Deployment of web application directory /Users/Denny/Desktop/tomcat/webapps/ROOT has finished in 223 ms
Sep 17, 2018 8:20:31 PM org.apache.catalina.startup.HostConfig deployDirectory
INFO: Deploying web application directory /Users/Denny/Desktop/tomcat/webapps/host-manager
Sep 17, 2018 8:20:31 PM org.apache.catalina.startup.TldConfig execute
INFO: At least one JAR was scanned for TLDs yet contained no TLDs. Enable debug logging for this logger for a complete list of JARs that were scanned but no TLDs were found in them. Skipping unneeded JARs during scanning can improve startup time and JSP compilation time.
Sep 17, 2018 8:20:31 PM org.apache.catalina.startup.HostConfig deployDirectory
INFO: Deployment of web application directory /Users/Denny/Desktop/tomcat/webapps/host-manager has finished in 363 ms
Sep 17, 2018 8:20:31 PM org.apache.coyote.AbstractProtocol start
INFO: Starting ProtocolHandler ["http-bio-8080"]
Sep 17, 2018 8:20:31 PM org.apache.coyote.AbstractProtocol start
INFO: Starting ProtocolHandler ["ajp-bio-8009"]
Sep 17, 2018 8:20:31 PM org.apache.catalina.startup.Catalina start
INFO: Server startup in 2731 ms
Sep 17, 2018 8:31:33 PM org.apache.catalina.core.StandardServer await
INFO: A valid shutdown command was received via the shutdown port. Stopping the Server instance.
Sep 17, 2018 8:31:33 PM org.apache.coyote.AbstractProtocol pause
INFO: Pausing ProtocolHandler ["http-bio-8080"]
Sep 17, 2018 8:31:33 PM org.apache.coyote.AbstractProtocol pause
INFO: Pausing ProtocolHandler ["ajp-bio-8009"]
Sep 17, 2018 8:31:33 PM org.apache.catalina.core.StandardService stopInternal
INFO: Stopping service Catalina
Sep 17, 2018 8:31:33 PM org.apache.coyote.AbstractProtocol stop
INFO: Stopping ProtocolHandler ["http-bio-8080"]
Sep 17, 2018 8:31:33 PM org.apache.coyote.AbstractProtocol stop
INFO: Stopping ProtocolHandler ["ajp-bio-8009"]
Sep 17, 2018 8:31:33 PM org.apache.coyote.AbstractProtocol destroy
INFO: Destroying ProtocolHandler ["http-bio-8080"]
Sep 17, 2018 8:31:33 PM org.apache.coyote.AbstractProtocol destroy
INFO: Destroying ProtocolHandler ["ajp-bio-8009"]
Sep 17, 2018 8:31:59 PM org.apache.catalina.startup.VersionLoggerListener log
INFO: Server version:        Apache Tomcat/7.0.81
Sep 17, 2018 8:31:59 PM org.apache.catalina.startup.VersionLoggerListener log
INFO: Server built:          Aug 11 2017 10:21:27 UTC
Sep 17, 2018 8:31:59 PM org.apache.catalina.startup.VersionLoggerListener log
INFO: Server number:         7.0.81.0
Sep 17, 2018 8:31:59 PM org.apache.catalina.startup.VersionLoggerListener log
INFO: OS Name:               Mac OS X
Sep 17, 2018 8:31:59 PM org.apache.catalina.startup.VersionLoggerListener log
INFO: OS Version:            10.13.6
Sep 17, 2018 8:31:59 PM org.apache.catalina.startup.VersionLoggerListener log
INFO: Architecture:          x86_64
Sep 17, 2018 8:31:59 PM org.apache.catalina.startup.VersionLoggerListener log
INFO: Java Home:             /Library/Java/JavaVirtualMachines/jdk1.8.0_144.jdk/Contents/Home/jre
Sep 17, 2018 8:31:59 PM org.apache.catalina.startup.VersionLoggerListener log
INFO: JVM Version:           1.8.0_144-b01
Sep 17, 2018 8:31:59 PM org.apache.catalina.startup.VersionLoggerListener log
INFO: JVM Vendor:            Oracle Corporation
Sep 17, 2018 8:31:59 PM org.apache.catalina.startup.VersionLoggerListener log
INFO: CATALINA_BASE:         /Users/Denny/Desktop/tomcat
Sep 17, 2018 8:31:59 PM org.apache.catalina.startup.VersionLoggerListener log
INFO: CATALINA_HOME:         /Users/Denny/Desktop/tomcat
Sep 17, 2018 8:31:59 PM org.apache.catalina.startup.VersionLoggerListener log
INFO: Command line argument: -Djava.util.logging.config.file=/Users/Denny/Desktop/tomcat/conf/logging.properties
Sep 17, 2018 8:31:59 PM org.apache.catalina.startup.VersionLoggerListener log
INFO: Command line argument: -Djava.util.logging.manager=org.apache.juli.ClassLoaderLogManager
Sep 17, 2018 8:31:59 PM org.apache.catalina.startup.VersionLoggerListener log
INFO: Command line argument: -Djdk.tls.ephemeralDHKeySize=2048
Sep 17, 2018 8:31:59 PM org.apache.catalina.startup.VersionLoggerListener log
INFO: Command line argument: -Djava.endorsed.dirs=/Users/Denny/Desktop/tomcat/endorsed
Sep 17, 2018 8:31:59 PM org.apache.catalina.startup.VersionLoggerListener log
INFO: Command line argument: -Dcatalina.base=/Users/Denny/Desktop/tomcat
Sep 17, 2018 8:31:59 PM org.apache.catalina.startup.VersionLoggerListener log
INFO: Command line argument: -Dcatalina.home=/Users/Denny/Desktop/tomcat
Sep 17, 2018 8:31:59 PM org.apache.catalina.startup.VersionLoggerListener log
INFO: Command line argument: -Djava.io.tmpdir=/Users/Denny/Desktop/tomcat/temp
Sep 17, 2018 8:31:59 PM org.apache.catalina.core.AprLifecycleListener lifecycleEvent
INFO: The APR based Apache Tomcat Native library which allows optimal performance in production environments was not found on the java.library.path: /Users/Denny/Library/Java/Extensions:/Library/Java/Extensions:/Network/Library/Java/Extensions:/System/Library/Java/Extensions:/usr/lib/java:.
Sep 17, 2018 8:32:00 PM org.apache.coyote.AbstractProtocol init
INFO: Initializing ProtocolHandler ["http-bio-8080"]
Sep 17, 2018 8:32:00 PM org.apache.coyote.AbstractProtocol init
INFO: Initializing ProtocolHandler ["ajp-bio-8009"]
Sep 17, 2018 8:32:00 PM org.apache.catalina.startup.Catalina load
INFO: Initialization processed in 755 ms
Sep 17, 2018 8:32:00 PM org.apache.catalina.core.StandardService startInternal
INFO: Starting service Catalina
Sep 17, 2018 8:32:00 PM org.apache.catalina.core.StandardEngine startInternal
INFO: Starting Servlet Engine: Apache Tomcat/7.0.81
Sep 17, 2018 8:32:00 PM org.apache.catalina.startup.HostConfig deployDirectory
INFO: Deploying web application directory /Users/Denny/Desktop/tomcat/webapps/docs
Sep 17, 2018 8:32:00 PM org.apache.catalina.startup.TldConfig execute
INFO: At least one JAR was scanned for TLDs yet contained no TLDs. Enable debug logging for this logger for a complete list of JARs that were scanned but no TLDs were found in them. Skipping unneeded JARs during scanning can improve startup time and JSP compilation time.
Sep 17, 2018 8:32:00 PM org.apache.catalina.startup.HostConfig deployDirectory
INFO: Deployment of web application directory /Users/Denny/Desktop/tomcat/webapps/docs has finished in 664 ms
Sep 17, 2018 8:32:00 PM org.apache.catalina.startup.HostConfig deployDirectory
INFO: Deploying web application directory /Users/Denny/Desktop/tomcat/webapps/manager
Sep 17, 2018 8:32:01 PM org.apache.catalina.startup.TldConfig execute
INFO: At least one JAR was scanned for TLDs yet contained no TLDs. Enable debug logging for this logger for a complete list of JARs that were scanned but no TLDs were found in them. Skipping unneeded JARs during scanning can improve startup time and JSP compilation time.
Sep 17, 2018 8:32:01 PM org.apache.catalina.startup.HostConfig deployDirectory
INFO: Deployment of web application directory /Users/Denny/Desktop/tomcat/webapps/manager has finished in 295 ms
Sep 17, 2018 8:32:01 PM org.apache.catalina.startup.HostConfig deployDirectory
INFO: Deploying web application directory /Users/Denny/Desktop/tomcat/webapps/Asn01
Sep 17, 2018 8:32:01 PM org.apache.catalina.startup.TldConfig execute
INFO: At least one JAR was scanned for TLDs yet contained no TLDs. Enable debug logging for this logger for a complete list of JARs that were scanned but no TLDs were found in them. Skipping unneeded JARs during scanning can improve startup time and JSP compilation time.
Sep 17, 2018 8:32:01 PM org.apache.catalina.startup.HostConfig deployDirectory
INFO: Deployment of web application directory /Users/Denny/Desktop/tomcat/webapps/Asn01 has finished in 297 ms
Sep 17, 2018 8:32:01 PM org.apache.catalina.startup.HostConfig deployDirectory
INFO: Deploying web application directory /Users/Denny/Desktop/tomcat/webapps/examples
Sep 17, 2018 8:32:01 PM org.apache.catalina.startup.TldConfig execute
INFO: At least one JAR was scanned for TLDs yet contained no TLDs. Enable debug logging for this logger for a complete list of JARs that were scanned but no TLDs were found in them. Skipping unneeded JARs during scanning can improve startup time and JSP compilation time.
Sep 17, 2018 8:32:01 PM org.apache.catalina.startup.HostConfig deployDirectory
INFO: Deployment of web application directory /Users/Denny/Desktop/tomcat/webapps/examples has finished in 459 ms
Sep 17, 2018 8:32:01 PM org.apache.catalina.startup.HostConfig deployDirectory
INFO: Deploying web application directory /Users/Denny/Desktop/tomcat/webapps/midp
Sep 17, 2018 8:32:02 PM org.apache.catalina.startup.TldConfig execute
INFO: At least one JAR was scanned for TLDs yet contained no TLDs. Enable debug logging for this logger for a complete list of JARs that were scanned but no TLDs were found in them. Skipping unneeded JARs during scanning can improve startup time and JSP compilation time.
Sep 17, 2018 8:32:02 PM org.apache.catalina.startup.HostConfig deployDirectory
INFO: Deployment of web application directory /Users/Denny/Desktop/tomcat/webapps/midp has finished in 265 ms
Sep 17, 2018 8:32:02 PM org.apache.catalina.startup.HostConfig deployDirectory
INFO: Deploying web application directory /Users/Denny/Desktop/tomcat/webapps/ROOT
Sep 17, 2018 8:32:02 PM org.apache.catalina.startup.TldConfig execute
INFO: At least one JAR was scanned for TLDs yet contained no TLDs. Enable debug logging for this logger for a complete list of JARs that were scanned but no TLDs were found in them. Skipping unneeded JARs during scanning can improve startup time and JSP compilation time.
Sep 17, 2018 8:32:02 PM org.apache.catalina.startup.HostConfig deployDirectory
INFO: Deployment of web application directory /Users/Denny/Desktop/tomcat/webapps/ROOT has finished in 246 ms
Sep 17, 2018 8:32:02 PM org.apache.catalina.startup.HostConfig deployDirectory
INFO: Deploying web application directory /Users/Denny/Desktop/tomcat/webapps/host-manager
Sep 17, 2018 8:32:02 PM org.apache.catalina.startup.TldConfig execute
INFO: At least one JAR was scanned for TLDs yet contained no TLDs. Enable debug logging for this logger for a complete list of JARs that were scanned but no TLDs were found in them. Skipping unneeded JARs during scanning can improve startup time and JSP compilation time.
Sep 17, 2018 8:32:02 PM org.apache.catalina.startup.HostConfig deployDirectory
INFO: Deployment of web application directory /Users/Denny/Desktop/tomcat/webapps/host-manager has finished in 273 ms
Sep 17, 2018 8:32:02 PM org.apache.coyote.AbstractProtocol start
INFO: Starting ProtocolHandler ["http-bio-8080"]
Sep 17, 2018 8:32:02 PM org.apache.coyote.AbstractProtocol start
INFO: Starting ProtocolHandler ["ajp-bio-8009"]
Sep 17, 2018 8:32:02 PM org.apache.catalina.startup.Catalina start
INFO: Server startup in 2585 ms
Sep 17, 2018 8:54:53 PM org.apache.catalina.core.StandardServer await
INFO: A valid shutdown command was received via the shutdown port. Stopping the Server instance.
Sep 17, 2018 8:54:53 PM org.apache.coyote.AbstractProtocol pause
INFO: Pausing ProtocolHandler ["http-bio-8080"]
Sep 17, 2018 8:54:53 PM org.apache.coyote.AbstractProtocol pause
INFO: Pausing ProtocolHandler ["ajp-bio-8009"]
Sep 17, 2018 8:54:53 PM org.apache.catalina.core.StandardService stopInternal
INFO: Stopping service Catalina
Sep 17, 2018 8:54:53 PM org.apache.coyote.AbstractProtocol stop
INFO: Stopping ProtocolHandler ["http-bio-8080"]
Sep 17, 2018 8:54:53 PM org.apache.coyote.AbstractProtocol stop
INFO: Stopping ProtocolHandler ["ajp-bio-8009"]
Sep 17, 2018 8:54:53 PM org.apache.coyote.AbstractProtocol destroy
INFO: Destroying ProtocolHandler ["http-bio-8080"]
Sep 17, 2018 8:54:53 PM org.apache.coyote.AbstractProtocol destroy
INFO: Destroying ProtocolHandler ["ajp-bio-8009"]
Sep 17, 2018 8:58:14 PM org.apache.catalina.startup.VersionLoggerListener log
INFO: Server version:        Apache Tomcat/7.0.81
Sep 17, 2018 8:58:14 PM org.apache.catalina.startup.VersionLoggerListener log
INFO: Server built:          Aug 11 2017 10:21:27 UTC
Sep 17, 2018 8:58:14 PM org.apache.catalina.startup.VersionLoggerListener log
INFO: Server number:         7.0.81.0
Sep 17, 2018 8:58:14 PM org.apache.catalina.startup.VersionLoggerListener log
INFO: OS Name:               Mac OS X
Sep 17, 2018 8:58:14 PM org.apache.catalina.startup.VersionLoggerListener log
INFO: OS Version:            10.13.6
Sep 17, 2018 8:58:14 PM org.apache.catalina.startup.VersionLoggerListener log
INFO: Architecture:          x86_64
Sep 17, 2018 8:58:14 PM org.apache.catalina.startup.VersionLoggerListener log
INFO: Java Home:             /Library/Java/JavaVirtualMachines/jdk1.8.0_144.jdk/Contents/Home/jre
Sep 17, 2018 8:58:14 PM org.apache.catalina.startup.VersionLoggerListener log
INFO: JVM Version:           1.8.0_144-b01
Sep 17, 2018 8:58:14 PM org.apache.catalina.startup.VersionLoggerListener log
INFO: JVM Vendor:            Oracle Corporation
Sep 17, 2018 8:58:14 PM org.apache.catalina.startup.VersionLoggerListener log
INFO: CATALINA_BASE:         /Users/Denny/Desktop/tomcat
Sep 17, 2018 8:58:14 PM org.apache.catalina.startup.VersionLoggerListener log
INFO: CATALINA_HOME:         /Users/Denny/Desktop/tomcat
Sep 17, 2018 8:58:14 PM org.apache.catalina.startup.VersionLoggerListener log
INFO: Command line argument: -Djava.util.logging.config.file=/Users/Denny/Desktop/tomcat/conf/logging.properties
Sep 17, 2018 8:58:14 PM org.apache.catalina.startup.VersionLoggerListener log
INFO: Command line argument: -Djava.util.logging.manager=org.apache.juli.ClassLoaderLogManager
Sep 17, 2018 8:58:14 PM org.apache.catalina.startup.VersionLoggerListener log
INFO: Command line argument: -Djdk.tls.ephemeralDHKeySize=2048
Sep 17, 2018 8:58:14 PM org.apache.catalina.startup.VersionLoggerListener log
INFO: Command line argument: -Djava.endorsed.dirs=/Users/Denny/Desktop/tomcat/endorsed
Sep 17, 2018 8:58:14 PM org.apache.catalina.startup.VersionLoggerListener log
INFO: Command line argument: -Dcatalina.base=/Users/Denny/Desktop/tomcat
Sep 17, 2018 8:58:14 PM org.apache.catalina.startup.VersionLoggerListener log
INFO: Command line argument: -Dcatalina.home=/Users/Denny/Desktop/tomcat
Sep 17, 2018 8:58:14 PM org.apache.catalina.startup.VersionLoggerListener log
INFO: Command line argument: -Djava.io.tmpdir=/Users/Denny/Desktop/tomcat/temp
Sep 17, 2018 8:58:14 PM org.apache.catalina.core.AprLifecycleListener lifecycleEvent
INFO: The APR based Apache Tomcat Native library which allows optimal performance in production environments was not found on the java.library.path: /Users/Denny/Library/Java/Extensions:/Library/Java/Extensions:/Network/Library/Java/Extensions:/System/Library/Java/Extensions:/usr/lib/java:.
Sep 17, 2018 8:58:14 PM org.apache.coyote.AbstractProtocol init
INFO: Initializing ProtocolHandler ["http-bio-8080"]
Sep 17, 2018 8:58:14 PM org.apache.coyote.AbstractProtocol init
INFO: Initializing ProtocolHandler ["ajp-bio-8009"]
Sep 17, 2018 8:58:14 PM org.apache.catalina.startup.Catalina load
INFO: Initialization processed in 850 ms
Sep 17, 2018 8:58:14 PM org.apache.catalina.core.StandardService startInternal
INFO: Starting service Catalina
Sep 17, 2018 8:58:14 PM org.apache.catalina.core.StandardEngine startInternal
INFO: Starting Servlet Engine: Apache Tomcat/7.0.81
Sep 17, 2018 8:58:14 PM org.apache.catalina.startup.HostConfig deployDirectory
INFO: Deploying web application directory /Users/Denny/Desktop/tomcat/webapps/docs
Sep 17, 2018 8:58:15 PM org.apache.catalina.startup.TldConfig execute
INFO: At least one JAR was scanned for TLDs yet contained no TLDs. Enable debug logging for this logger for a complete list of JARs that were scanned but no TLDs were found in them. Skipping unneeded JARs during scanning can improve startup time and JSP compilation time.
Sep 17, 2018 8:58:15 PM org.apache.catalina.startup.HostConfig deployDirectory
INFO: Deployment of web application directory /Users/Denny/Desktop/tomcat/webapps/docs has finished in 600 ms
Sep 17, 2018 8:58:15 PM org.apache.catalina.startup.HostConfig deployDirectory
INFO: Deploying web application directory /Users/Denny/Desktop/tomcat/webapps/manager
Sep 17, 2018 8:58:15 PM org.apache.catalina.startup.TldConfig execute
INFO: At least one JAR was scanned for TLDs yet contained no TLDs. Enable debug logging for this logger for a complete list of JARs that were scanned but no TLDs were found in them. Skipping unneeded JARs during scanning can improve startup time and JSP compilation time.
Sep 17, 2018 8:58:15 PM org.apache.catalina.startup.HostConfig deployDirectory
INFO: Deployment of web application directory /Users/Denny/Desktop/tomcat/webapps/manager has finished in 292 ms
Sep 17, 2018 8:58:15 PM org.apache.catalina.startup.HostConfig deployDirectory
INFO: Deploying web application directory /Users/Denny/Desktop/tomcat/webapps/Asn01
Sep 17, 2018 8:58:16 PM org.apache.catalina.startup.TldConfig execute
INFO: At least one JAR was scanned for TLDs yet contained no TLDs. Enable debug logging for this logger for a complete list of JARs that were scanned but no TLDs were found in them. Skipping unneeded JARs during scanning can improve startup time and JSP compilation time.
Sep 17, 2018 8:58:16 PM org.apache.catalina.startup.HostConfig deployDirectory
INFO: Deployment of web application directory /Users/Denny/Desktop/tomcat/webapps/Asn01 has finished in 323 ms
Sep 17, 2018 8:58:16 PM org.apache.catalina.startup.HostConfig deployDirectory
INFO: Deploying web application directory /Users/Denny/Desktop/tomcat/webapps/examples
Sep 17, 2018 8:58:16 PM org.apache.catalina.startup.TldConfig execute
INFO: At least one JAR was scanned for TLDs yet contained no TLDs. Enable debug logging for this logger for a complete list of JARs that were scanned but no TLDs were found in them. Skipping unneeded JARs during scanning can improve startup time and JSP compilation time.
Sep 17, 2018 8:58:16 PM org.apache.catalina.startup.HostConfig deployDirectory
INFO: Deployment of web application directory /Users/Denny/Desktop/tomcat/webapps/examples has finished in 519 ms
Sep 17, 2018 8:58:16 PM org.apache.catalina.startup.HostConfig deployDirectory
INFO: Deploying web application directory /Users/Denny/Desktop/tomcat/webapps/midp
Sep 17, 2018 8:58:16 PM org.apache.catalina.startup.TldConfig execute
INFO: At least one JAR was scanned for TLDs yet contained no TLDs. Enable debug logging for this logger for a complete list of JARs that were scanned but no TLDs were found in them. Skipping unneeded JARs during scanning can improve startup time and JSP compilation time.
Sep 17, 2018 8:58:16 PM org.apache.catalina.startup.HostConfig deployDirectory
INFO: Deployment of web application directory /Users/Denny/Desktop/tomcat/webapps/midp has finished in 300 ms
Sep 17, 2018 8:58:16 PM org.apache.catalina.startup.HostConfig deployDirectory
INFO: Deploying web application directory /Users/Denny/Desktop/tomcat/webapps/ROOT
Sep 17, 2018 8:58:17 PM org.apache.catalina.startup.TldConfig execute
INFO: At least one JAR was scanned for TLDs yet contained no TLDs. Enable debug logging for this logger for a complete list of JARs that were scanned but no TLDs were found in them. Skipping unneeded JARs during scanning can improve startup time and JSP compilation time.
Sep 17, 2018 8:58:17 PM org.apache.catalina.startup.HostConfig deployDirectory
INFO: Deployment of web application directory /Users/Denny/Desktop/tomcat/webapps/ROOT has finished in 244 ms
Sep 17, 2018 8:58:17 PM org.apache.catalina.startup.HostConfig deployDirectory
INFO: Deploying web application directory /Users/Denny/Desktop/tomcat/webapps/host-manager
Sep 17, 2018 8:58:17 PM org.apache.catalina.startup.TldConfig execute
INFO: At least one JAR was scanned for TLDs yet contained no TLDs. Enable debug logging for this logger for a complete list of JARs that were scanned but no TLDs were found in them. Skipping unneeded JARs during scanning can improve startup time and JSP compilation time.
Sep 17, 2018 8:58:17 PM org.apache.catalina.startup.HostConfig deployDirectory
INFO: Deployment of web application directory /Users/Denny/Desktop/tomcat/webapps/host-manager has finished in 296 ms
Sep 17, 2018 8:58:17 PM org.apache.coyote.AbstractProtocol start
INFO: Starting ProtocolHandler ["http-bio-8080"]
Sep 17, 2018 8:58:17 PM org.apache.coyote.AbstractProtocol start
INFO: Starting ProtocolHandler ["ajp-bio-8009"]
Sep 17, 2018 8:58:17 PM org.apache.catalina.startup.Catalina start
INFO: Server startup in 2637 ms
Sep 17, 2018 9:00:03 PM org.apache.catalina.core.StandardServer await
INFO: A valid shutdown command was received via the shutdown port. Stopping the Server instance.
Sep 17, 2018 9:00:03 PM org.apache.coyote.AbstractProtocol pause
INFO: Pausing ProtocolHandler ["http-bio-8080"]
Sep 17, 2018 9:00:03 PM org.apache.coyote.AbstractProtocol pause
INFO: Pausing ProtocolHandler ["ajp-bio-8009"]
Sep 17, 2018 9:00:03 PM org.apache.catalina.core.StandardService stopInternal
INFO: Stopping service Catalina
Sep 17, 2018 9:00:03 PM org.apache.coyote.AbstractProtocol stop
INFO: Stopping ProtocolHandler ["http-bio-8080"]
Sep 17, 2018 9:00:03 PM org.apache.coyote.AbstractProtocol stop
INFO: Stopping ProtocolHandler ["ajp-bio-8009"]
Sep 17, 2018 9:00:03 PM org.apache.coyote.AbstractProtocol destroy
INFO: Destroying ProtocolHandler ["http-bio-8080"]
Sep 17, 2018 9:00:03 PM org.apache.coyote.AbstractProtocol destroy
INFO: Destroying ProtocolHandler ["ajp-bio-8009"]
Sep 17, 2018 9:00:23 PM org.apache.catalina.startup.VersionLoggerListener log
INFO: Server version:        Apache Tomcat/7.0.81
Sep 17, 2018 9:00:23 PM org.apache.catalina.startup.VersionLoggerListener log
INFO: Server built:          Aug 11 2017 10:21:27 UTC
Sep 17, 2018 9:00:23 PM org.apache.catalina.startup.VersionLoggerListener log
INFO: Server number:         7.0.81.0
Sep 17, 2018 9:00:23 PM org.apache.catalina.startup.VersionLoggerListener log
INFO: OS Name:               Mac OS X
Sep 17, 2018 9:00:23 PM org.apache.catalina.startup.VersionLoggerListener log
INFO: OS Version:            10.13.6
Sep 17, 2018 9:00:23 PM org.apache.catalina.startup.VersionLoggerListener log
INFO: Architecture:          x86_64
Sep 17, 2018 9:00:23 PM org.apache.catalina.startup.VersionLoggerListener log
INFO: Java Home:             /Library/Java/JavaVirtualMachines/jdk1.8.0_144.jdk/Contents/Home/jre
Sep 17, 2018 9:00:23 PM org.apache.catalina.startup.VersionLoggerListener log
INFO: JVM Version:           1.8.0_144-b01
Sep 17, 2018 9:00:23 PM org.apache.catalina.startup.VersionLoggerListener log
INFO: JVM Vendor:            Oracle Corporation
Sep 17, 2018 9:00:23 PM org.apache.catalina.startup.VersionLoggerListener log
INFO: CATALINA_BASE:         /Users/Denny/Desktop/tomcat
Sep 17, 2018 9:00:23 PM org.apache.catalina.startup.VersionLoggerListener log
INFO: CATALINA_HOME:         /Users/Denny/Desktop/tomcat
Sep 17, 2018 9:00:23 PM org.apache.catalina.startup.VersionLoggerListener log
INFO: Command line argument: -Djava.util.logging.config.file=/Users/Denny/Desktop/tomcat/conf/logging.properties
Sep 17, 2018 9:00:23 PM org.apache.catalina.startup.VersionLoggerListener log
INFO: Command line argument: -Djava.util.logging.manager=org.apache.juli.ClassLoaderLogManager
Sep 17, 2018 9:00:23 PM org.apache.catalina.startup.VersionLoggerListener log
INFO: Command line argument: -Djdk.tls.ephemeralDHKeySize=2048
Sep 17, 2018 9:00:23 PM org.apache.catalina.startup.VersionLoggerListener log
INFO: Command line argument: -Djava.endorsed.dirs=/Users/Denny/Desktop/tomcat/endorsed
Sep 17, 2018 9:00:23 PM org.apache.catalina.startup.VersionLoggerListener log
INFO: Command line argument: -Dcatalina.base=/Users/Denny/Desktop/tomcat
Sep 17, 2018 9:00:23 PM org.apache.catalina.startup.VersionLoggerListener log
INFO: Command line argument: -Dcatalina.home=/Users/Denny/Desktop/tomcat
Sep 17, 2018 9:00:23 PM org.apache.catalina.startup.VersionLoggerListener log
INFO: Command line argument: -Djava.io.tmpdir=/Users/Denny/Desktop/tomcat/temp
Sep 17, 2018 9:00:23 PM org.apache.catalina.core.AprLifecycleListener lifecycleEvent
INFO: The APR based Apache Tomcat Native library which allows optimal performance in production environments was not found on the java.library.path: /Users/Denny/Library/Java/Extensions:/Library/Java/Extensions:/Network/Library/Java/Extensions:/System/Library/Java/Extensions:/usr/lib/java:.
Sep 17, 2018 9:00:23 PM org.apache.coyote.AbstractProtocol init
INFO: Initializing ProtocolHandler ["http-bio-8080"]
Sep 17, 2018 9:00:23 PM org.apache.coyote.AbstractProtocol init
INFO: Initializing ProtocolHandler ["ajp-bio-8009"]
Sep 17, 2018 9:00:23 PM org.apache.catalina.startup.Catalina load
INFO: Initialization processed in 780 ms
Sep 17, 2018 9:00:23 PM org.apache.catalina.core.StandardService startInternal
INFO: Starting service Catalina
Sep 17, 2018 9:00:23 PM org.apache.catalina.core.StandardEngine startInternal
INFO: Starting Servlet Engine: Apache Tomcat/7.0.81
Sep 17, 2018 9:00:24 PM org.apache.catalina.startup.HostConfig deployDirectory
INFO: Deploying web application directory /Users/Denny/Desktop/tomcat/webapps/docs
Sep 17, 2018 9:00:24 PM org.apache.catalina.startup.TldConfig execute
INFO: At least one JAR was scanned for TLDs yet contained no TLDs. Enable debug logging for this logger for a complete list of JARs that were scanned but no TLDs were found in them. Skipping unneeded JARs during scanning can improve startup time and JSP compilation time.
Sep 17, 2018 9:00:24 PM org.apache.catalina.startup.HostConfig deployDirectory
INFO: Deployment of web application directory /Users/Denny/Desktop/tomcat/webapps/docs has finished in 666 ms
Sep 17, 2018 9:00:24 PM org.apache.catalina.startup.HostConfig deployDirectory
INFO: Deploying web application directory /Users/Denny/Desktop/tomcat/webapps/manager
Sep 17, 2018 9:00:24 PM org.apache.catalina.startup.TldConfig execute
INFO: At least one JAR was scanned for TLDs yet contained no TLDs. Enable debug logging for this logger for a complete list of JARs that were scanned but no TLDs were found in them. Skipping unneeded JARs during scanning can improve startup time and JSP compilation time.
Sep 17, 2018 9:00:24 PM org.apache.catalina.startup.HostConfig deployDirectory
INFO: Deployment of web application directory /Users/Denny/Desktop/tomcat/webapps/manager has finished in 275 ms
Sep 17, 2018 9:00:24 PM org.apache.catalina.startup.HostConfig deployDirectory
INFO: Deploying web application directory /Users/Denny/Desktop/tomcat/webapps/Asn01
Sep 17, 2018 9:00:25 PM org.apache.catalina.startup.TldConfig execute
INFO: At least one JAR was scanned for TLDs yet contained no TLDs. Enable debug logging for this logger for a complete list of JARs that were scanned but no TLDs were found in them. Skipping unneeded JARs during scanning can improve startup time and JSP compilation time.
Sep 17, 2018 9:00:25 PM org.apache.catalina.startup.HostConfig deployDirectory
INFO: Deployment of web application directory /Users/Denny/Desktop/tomcat/webapps/Asn01 has finished in 327 ms
Sep 17, 2018 9:00:25 PM org.apache.catalina.startup.HostConfig deployDirectory
INFO: Deploying web application directory /Users/Denny/Desktop/tomcat/webapps/examples
Sep 17, 2018 9:00:25 PM org.apache.catalina.startup.TldConfig execute
INFO: At least one JAR was scanned for TLDs yet contained no TLDs. Enable debug logging for this logger for a complete list of JARs that were scanned but no TLDs were found in them. Skipping unneeded JARs during scanning can improve startup time and JSP compilation time.
Sep 17, 2018 9:00:25 PM org.apache.catalina.startup.HostConfig deployDirectory
INFO: Deployment of web application directory /Users/Denny/Desktop/tomcat/webapps/examples has finished in 422 ms
Sep 17, 2018 9:00:25 PM org.apache.catalina.startup.HostConfig deployDirectory
INFO: Deploying web application directory /Users/Denny/Desktop/tomcat/webapps/midp
Sep 17, 2018 9:00:25 PM org.apache.catalina.startup.TldConfig execute
INFO: At least one JAR was scanned for TLDs yet contained no TLDs. Enable debug logging for this logger for a complete list of JARs that were scanned but no TLDs were found in them. Skipping unneeded JARs during scanning can improve startup time and JSP compilation time.
Sep 17, 2018 9:00:25 PM org.apache.catalina.startup.HostConfig deployDirectory
INFO: Deployment of web application directory /Users/Denny/Desktop/tomcat/webapps/midp has finished in 288 ms
Sep 17, 2018 9:00:25 PM org.apache.catalina.startup.HostConfig deployDirectory
INFO: Deploying web application directory /Users/Denny/Desktop/tomcat/webapps/ROOT
Sep 17, 2018 9:00:26 PM org.apache.catalina.startup.TldConfig execute
INFO: At least one JAR was scanned for TLDs yet contained no TLDs. Enable debug logging for this logger for a complete list of JARs that were scanned but no TLDs were found in them. Skipping unneeded JARs during scanning can improve startup time and JSP compilation time.
Sep 17, 2018 9:00:26 PM org.apache.catalina.startup.HostConfig deployDirectory
INFO: Deployment of web application directory /Users/Denny/Desktop/tomcat/webapps/ROOT has finished in 237 ms
Sep 17, 2018 9:00:26 PM org.apache.catalina.startup.HostConfig deployDirectory
INFO: Deploying web application directory /Users/Denny/Desktop/tomcat/webapps/host-manager
Sep 17, 2018 9:00:26 PM org.apache.catalina.startup.TldConfig execute
INFO: At least one JAR was scanned for TLDs yet contained no TLDs. Enable debug logging for this logger for a complete list of JARs that were scanned but no TLDs were found in them. Skipping unneeded JARs during scanning can improve startup time and JSP compilation time.
Sep 17, 2018 9:00:26 PM org.apache.catalina.startup.HostConfig deployDirectory
INFO: Deployment of web application directory /Users/Denny/Desktop/tomcat/webapps/host-manager has finished in 385 ms
Sep 17, 2018 9:00:26 PM org.apache.coyote.AbstractProtocol start
INFO: Starting ProtocolHandler ["http-bio-8080"]
Sep 17, 2018 9:00:26 PM org.apache.coyote.AbstractProtocol start
INFO: Starting ProtocolHandler ["ajp-bio-8009"]
Sep 17, 2018 9:00:26 PM org.apache.catalina.startup.Catalina start
INFO: Server startup in 2681 ms
Sep 17, 2018 9:00:58 PM org.apache.catalina.core.StandardServer await
INFO: A valid shutdown command was received via the shutdown port. Stopping the Server instance.
Sep 17, 2018 9:00:58 PM org.apache.coyote.AbstractProtocol pause
INFO: Pausing ProtocolHandler ["http-bio-8080"]
Sep 17, 2018 9:00:58 PM org.apache.coyote.AbstractProtocol pause
INFO: Pausing ProtocolHandler ["ajp-bio-8009"]
Sep 17, 2018 9:00:58 PM org.apache.catalina.core.StandardService stopInternal
INFO: Stopping service Catalina
Sep 17, 2018 9:00:58 PM org.apache.coyote.AbstractProtocol stop
INFO: Stopping ProtocolHandler ["http-bio-8080"]
Sep 17, 2018 9:00:58 PM org.apache.coyote.AbstractProtocol stop
INFO: Stopping ProtocolHandler ["ajp-bio-8009"]
Sep 17, 2018 9:00:58 PM org.apache.coyote.AbstractProtocol destroy
INFO: Destroying ProtocolHandler ["http-bio-8080"]
Sep 17, 2018 9:00:58 PM org.apache.coyote.AbstractProtocol destroy
INFO: Destroying ProtocolHandler ["ajp-bio-8009"]
