Sep 19, 2018 12:16:07 AM org.apache.catalina.core.ApplicationContext log
INFO: SessionListener: contextDestroyed()
Sep 19, 2018 12:16:07 AM org.apache.catalina.core.ApplicationContext log
INFO: ContextListener: contextDestroyed()
Sep 19, 2018 12:16:42 AM org.apache.catalina.core.ApplicationContext log
INFO: ContextListener: contextInitialized()
Sep 19, 2018 12:16:42 AM org.apache.catalina.core.ApplicationContext log
INFO: SessionListener: contextInitialized()
Sep 19, 2018 12:16:42 AM org.apache.catalina.core.ApplicationContext log
INFO: ContextListener: attributeAdded('org.apache.jasper.compiler.TldLocationsCache', 'org.apache.jasper.compiler.TldLocationsCache@7bc6f1f1')
Sep 19, 2018 12:19:03 AM org.apache.catalina.core.ApplicationContext log
INFO: SessionListener: contextDestroyed()
Sep 19, 2018 12:19:03 AM org.apache.catalina.core.ApplicationContext log
INFO: ContextListener: contextDestroyed()
Sep 19, 2018 12:19:24 AM org.apache.catalina.core.ApplicationContext log
INFO: ContextListener: contextInitialized()
Sep 19, 2018 12:19:24 AM org.apache.catalina.core.ApplicationContext log
INFO: SessionListener: contextInitialized()
Sep 19, 2018 12:19:24 AM org.apache.catalina.core.ApplicationContext log
INFO: ContextListener: attributeAdded('org.apache.jasper.compiler.TldLocationsCache', 'org.apache.jasper.compiler.TldLocationsCache@11f7a70')
Sep 19, 2018 12:21:40 AM org.apache.catalina.core.ApplicationContext log
INFO: SessionListener: contextDestroyed()
Sep 19, 2018 12:21:40 AM org.apache.catalina.core.ApplicationContext log
INFO: ContextListener: contextDestroyed()
Sep 19, 2018 12:22:03 AM org.apache.catalina.core.ApplicationContext log
INFO: ContextListener: contextInitialized()
Sep 19, 2018 12:22:03 AM org.apache.catalina.core.ApplicationContext log
INFO: SessionListener: contextInitialized()
Sep 19, 2018 12:22:03 AM org.apache.catalina.core.ApplicationContext log
INFO: ContextListener: attributeAdded('org.apache.jasper.compiler.TldLocationsCache', 'org.apache.jasper.compiler.TldLocationsCache@234362f9')
Sep 19, 2018 12:30:38 AM org.apache.catalina.core.ApplicationContext log
INFO: SessionListener: contextDestroyed()
Sep 19, 2018 12:30:38 AM org.apache.catalina.core.ApplicationContext log
INFO: ContextListener: contextDestroyed()
Sep 19, 2018 12:57:16 AM org.apache.catalina.core.ApplicationContext log
INFO: ContextListener: contextInitialized()
Sep 19, 2018 12:57:16 AM org.apache.catalina.core.ApplicationContext log
INFO: SessionListener: contextInitialized()
Sep 19, 2018 12:57:16 AM org.apache.catalina.core.ApplicationContext log
INFO: ContextListener: attributeAdded('org.apache.jasper.compiler.TldLocationsCache', 'org.apache.jasper.compiler.TldLocationsCache@9b516bf')
Sep 19, 2018 1:04:27 AM org.apache.catalina.core.ApplicationContext log
INFO: SessionListener: contextDestroyed()
Sep 19, 2018 1:04:27 AM org.apache.catalina.core.ApplicationContext log
INFO: ContextListener: contextDestroyed()
Sep 19, 2018 1:05:24 AM org.apache.catalina.core.ApplicationContext log
INFO: ContextListener: contextInitialized()
Sep 19, 2018 1:05:24 AM org.apache.catalina.core.ApplicationContext log
INFO: SessionListener: contextInitialized()
Sep 19, 2018 1:05:24 AM org.apache.catalina.core.ApplicationContext log
INFO: ContextListener: attributeAdded('org.apache.jasper.compiler.TldLocationsCache', 'org.apache.jasper.compiler.TldLocationsCache@2dd52ab9')
Sep 19, 2018 1:06:48 AM org.apache.catalina.core.ApplicationContext log
INFO: SessionListener: contextDestroyed()
Sep 19, 2018 1:06:48 AM org.apache.catalina.core.ApplicationContext log
INFO: ContextListener: contextDestroyed()
Sep 19, 2018 1:07:12 AM org.apache.catalina.core.ApplicationContext log
INFO: ContextListener: contextInitialized()
Sep 19, 2018 1:07:12 AM org.apache.catalina.core.ApplicationContext log
INFO: SessionListener: contextInitialized()
Sep 19, 2018 1:07:12 AM org.apache.catalina.core.ApplicationContext log
INFO: ContextListener: attributeAdded('org.apache.jasper.compiler.TldLocationsCache', 'org.apache.jasper.compiler.TldLocationsCache@9b516bf')
Sep 19, 2018 1:08:52 AM org.apache.catalina.core.ApplicationContext log
INFO: SessionListener: contextDestroyed()
Sep 19, 2018 1:08:52 AM org.apache.catalina.core.ApplicationContext log
INFO: ContextListener: contextDestroyed()
Sep 19, 2018 1:09:20 AM org.apache.catalina.core.ApplicationContext log
INFO: ContextListener: contextInitialized()
Sep 19, 2018 1:09:20 AM org.apache.catalina.core.ApplicationContext log
INFO: SessionListener: contextInitialized()
Sep 19, 2018 1:09:20 AM org.apache.catalina.core.ApplicationContext log
INFO: ContextListener: attributeAdded('org.apache.jasper.compiler.TldLocationsCache', 'org.apache.jasper.compiler.TldLocationsCache@4063296a')
Sep 19, 2018 1:09:40 AM org.apache.catalina.core.StandardWrapperValve invoke
SEVERE: Servlet.service() for servlet [bob] in context with path [/Asn01] threw exception
java.lang.NullPointerException
	at Asn01.doPost(Asn01.java:187)
	at javax.servlet.http.HttpServlet.service(HttpServlet.java:650)
	at javax.servlet.http.HttpServlet.service(HttpServlet.java:731)
	at org.apache.catalina.core.ApplicationFilterChain.internalDoFilter(ApplicationFilterChain.java:303)
	at org.apache.catalina.core.ApplicationFilterChain.doFilter(ApplicationFilterChain.java:208)
	at org.apache.tomcat.websocket.server.WsFilter.doFilter(WsFilter.java:52)
	at org.apache.catalina.core.ApplicationFilterChain.internalDoFilter(ApplicationFilterChain.java:241)
	at org.apache.catalina.core.ApplicationFilterChain.doFilter(ApplicationFilterChain.java:208)
	at org.apache.catalina.core.StandardWrapperValve.invoke(StandardWrapperValve.java:219)
	at org.apache.catalina.core.StandardContextValve.invoke(StandardContextValve.java:110)
	at org.apache.catalina.authenticator.AuthenticatorBase.invoke(AuthenticatorBase.java:506)
	at org.apache.catalina.core.StandardHostValve.invoke(StandardHostValve.java:169)
	at org.apache.catalina.valves.ErrorReportValve.invoke(ErrorReportValve.java:103)
	at org.apache.catalina.valves.AccessLogValve.invoke(AccessLogValve.java:962)
	at org.apache.catalina.core.StandardEngineValve.invoke(StandardEngineValve.java:116)
	at org.apache.catalina.connector.CoyoteAdapter.service(CoyoteAdapter.java:445)
	at org.apache.coyote.http11.AbstractHttp11Processor.process(AbstractHttp11Processor.java:1115)
	at org.apache.coyote.AbstractProtocol$AbstractConnectionHandler.process(AbstractProtocol.java:637)
	at org.apache.tomcat.util.net.JIoEndpoint$SocketProcessor.run(JIoEndpoint.java:318)
	at java.util.concurrent.ThreadPoolExecutor.runWorker(ThreadPoolExecutor.java:1149)
	at java.util.concurrent.ThreadPoolExecutor$Worker.run(ThreadPoolExecutor.java:624)
	at org.apache.tomcat.util.threads.TaskThread$WrappingRunnable.run(TaskThread.java:61)
	at java.lang.Thread.run(Thread.java:748)

Sep 19, 2018 1:44:02 AM org.apache.catalina.core.ApplicationContext log
INFO: SessionListener: contextDestroyed()
Sep 19, 2018 1:44:02 AM org.apache.catalina.core.ApplicationContext log
INFO: ContextListener: contextDestroyed()
Sep 19, 2018 2:12:44 AM org.apache.catalina.core.ApplicationContext log
INFO: ContextListener: contextInitialized()
Sep 19, 2018 2:12:44 AM org.apache.catalina.core.ApplicationContext log
INFO: SessionListener: contextInitialized()
Sep 19, 2018 2:12:44 AM org.apache.catalina.core.ApplicationContext log
INFO: ContextListener: attributeAdded('org.apache.jasper.compiler.TldLocationsCache', 'org.apache.jasper.compiler.TldLocationsCache@475f6a2b')
Sep 19, 2018 2:13:09 AM org.apache.catalina.core.StandardWrapperValve invoke
SEVERE: Servlet.service() for servlet [bob] in context with path [/Asn01] threw exception
java.lang.NullPointerException
	at Asn01.doPost(Asn01.java:189)
	at javax.servlet.http.HttpServlet.service(HttpServlet.java:650)
	at javax.servlet.http.HttpServlet.service(HttpServlet.java:731)
	at org.apache.catalina.core.ApplicationFilterChain.internalDoFilter(ApplicationFilterChain.java:303)
	at org.apache.catalina.core.ApplicationFilterChain.doFilter(ApplicationFilterChain.java:208)
	at org.apache.tomcat.websocket.server.WsFilter.doFilter(WsFilter.java:52)
	at org.apache.catalina.core.ApplicationFilterChain.internalDoFilter(ApplicationFilterChain.java:241)
	at org.apache.catalina.core.ApplicationFilterChain.doFilter(ApplicationFilterChain.java:208)
	at org.apache.catalina.core.StandardWrapperValve.invoke(StandardWrapperValve.java:219)
	at org.apache.catalina.core.StandardContextValve.invoke(StandardContextValve.java:110)
	at org.apache.catalina.authenticator.AuthenticatorBase.invoke(AuthenticatorBase.java:506)
	at org.apache.catalina.core.StandardHostValve.invoke(StandardHostValve.java:169)
	at org.apache.catalina.valves.ErrorReportValve.invoke(ErrorReportValve.java:103)
	at org.apache.catalina.valves.AccessLogValve.invoke(AccessLogValve.java:962)
	at org.apache.catalina.core.StandardEngineValve.invoke(StandardEngineValve.java:116)
	at org.apache.catalina.connector.CoyoteAdapter.service(CoyoteAdapter.java:445)
	at org.apache.coyote.http11.AbstractHttp11Processor.process(AbstractHttp11Processor.java:1115)
	at org.apache.coyote.AbstractProtocol$AbstractConnectionHandler.process(AbstractProtocol.java:637)
	at org.apache.tomcat.util.net.JIoEndpoint$SocketProcessor.run(JIoEndpoint.java:318)
	at java.util.concurrent.ThreadPoolExecutor.runWorker(ThreadPoolExecutor.java:1149)
	at java.util.concurrent.ThreadPoolExecutor$Worker.run(ThreadPoolExecutor.java:624)
	at org.apache.tomcat.util.threads.TaskThread$WrappingRunnable.run(TaskThread.java:61)
	at java.lang.Thread.run(Thread.java:748)

Sep 19, 2018 2:24:20 AM org.apache.catalina.core.ApplicationContext log
INFO: SessionListener: contextDestroyed()
Sep 19, 2018 2:24:20 AM org.apache.catalina.core.ApplicationContext log
INFO: ContextListener: contextDestroyed()
Sep 19, 2018 2:24:43 AM org.apache.catalina.core.ApplicationContext log
INFO: ContextListener: contextInitialized()
Sep 19, 2018 2:24:43 AM org.apache.catalina.core.ApplicationContext log
INFO: SessionListener: contextInitialized()
Sep 19, 2018 2:24:43 AM org.apache.catalina.core.ApplicationContext log
INFO: ContextListener: attributeAdded('org.apache.jasper.compiler.TldLocationsCache', 'org.apache.jasper.compiler.TldLocationsCache@284f1721')
Sep 19, 2018 2:25:00 AM org.apache.catalina.core.StandardWrapperValve invoke
SEVERE: Servlet.service() for servlet [bob] in context with path [/Asn01] threw exception
java.lang.NullPointerException
	at Asn01.doPost(Asn01.java:189)
	at javax.servlet.http.HttpServlet.service(HttpServlet.java:650)
	at javax.servlet.http.HttpServlet.service(HttpServlet.java:731)
	at org.apache.catalina.core.ApplicationFilterChain.internalDoFilter(ApplicationFilterChain.java:303)
	at org.apache.catalina.core.ApplicationFilterChain.doFilter(ApplicationFilterChain.java:208)
	at org.apache.tomcat.websocket.server.WsFilter.doFilter(WsFilter.java:52)
	at org.apache.catalina.core.ApplicationFilterChain.internalDoFilter(ApplicationFilterChain.java:241)
	at org.apache.catalina.core.ApplicationFilterChain.doFilter(ApplicationFilterChain.java:208)
	at org.apache.catalina.core.StandardWrapperValve.invoke(StandardWrapperValve.java:219)
	at org.apache.catalina.core.StandardContextValve.invoke(StandardContextValve.java:110)
	at org.apache.catalina.authenticator.AuthenticatorBase.invoke(AuthenticatorBase.java:506)
	at org.apache.catalina.core.StandardHostValve.invoke(StandardHostValve.java:169)
	at org.apache.catalina.valves.ErrorReportValve.invoke(ErrorReportValve.java:103)
	at org.apache.catalina.valves.AccessLogValve.invoke(AccessLogValve.java:962)
	at org.apache.catalina.core.StandardEngineValve.invoke(StandardEngineValve.java:116)
	at org.apache.catalina.connector.CoyoteAdapter.service(CoyoteAdapter.java:445)
	at org.apache.coyote.http11.AbstractHttp11Processor.process(AbstractHttp11Processor.java:1115)
	at org.apache.coyote.AbstractProtocol$AbstractConnectionHandler.process(AbstractProtocol.java:637)
	at org.apache.tomcat.util.net.JIoEndpoint$SocketProcessor.run(JIoEndpoint.java:318)
	at java.util.concurrent.ThreadPoolExecutor.runWorker(ThreadPoolExecutor.java:1149)
	at java.util.concurrent.ThreadPoolExecutor$Worker.run(ThreadPoolExecutor.java:624)
	at org.apache.tomcat.util.threads.TaskThread$WrappingRunnable.run(TaskThread.java:61)
	at java.lang.Thread.run(Thread.java:748)

Sep 19, 2018 2:29:31 AM org.apache.catalina.core.ApplicationContext log
INFO: SessionListener: contextDestroyed()
Sep 19, 2018 2:29:31 AM org.apache.catalina.core.ApplicationContext log
INFO: ContextListener: contextDestroyed()
Sep 19, 2018 2:29:58 AM org.apache.catalina.core.ApplicationContext log
INFO: ContextListener: contextInitialized()
Sep 19, 2018 2:29:58 AM org.apache.catalina.core.ApplicationContext log
INFO: SessionListener: contextInitialized()
Sep 19, 2018 2:29:58 AM org.apache.catalina.core.ApplicationContext log
INFO: ContextListener: attributeAdded('org.apache.jasper.compiler.TldLocationsCache', 'org.apache.jasper.compiler.TldLocationsCache@7bc6f1f1')
Sep 19, 2018 2:30:11 AM org.apache.catalina.core.StandardWrapperValve invoke
SEVERE: Servlet.service() for servlet [bob] in context with path [/Asn01] threw exception
java.lang.NullPointerException
	at Asn01.doPost(Asn01.java:189)
	at javax.servlet.http.HttpServlet.service(HttpServlet.java:650)
	at javax.servlet.http.HttpServlet.service(HttpServlet.java:731)
	at org.apache.catalina.core.ApplicationFilterChain.internalDoFilter(ApplicationFilterChain.java:303)
	at org.apache.catalina.core.ApplicationFilterChain.doFilter(ApplicationFilterChain.java:208)
	at org.apache.tomcat.websocket.server.WsFilter.doFilter(WsFilter.java:52)
	at org.apache.catalina.core.ApplicationFilterChain.internalDoFilter(ApplicationFilterChain.java:241)
	at org.apache.catalina.core.ApplicationFilterChain.doFilter(ApplicationFilterChain.java:208)
	at org.apache.catalina.core.StandardWrapperValve.invoke(StandardWrapperValve.java:219)
	at org.apache.catalina.core.StandardContextValve.invoke(StandardContextValve.java:110)
	at org.apache.catalina.authenticator.AuthenticatorBase.invoke(AuthenticatorBase.java:506)
	at org.apache.catalina.core.StandardHostValve.invoke(StandardHostValve.java:169)
	at org.apache.catalina.valves.ErrorReportValve.invoke(ErrorReportValve.java:103)
	at org.apache.catalina.valves.AccessLogValve.invoke(AccessLogValve.java:962)
	at org.apache.catalina.core.StandardEngineValve.invoke(StandardEngineValve.java:116)
	at org.apache.catalina.connector.CoyoteAdapter.service(CoyoteAdapter.java:445)
	at org.apache.coyote.http11.AbstractHttp11Processor.process(AbstractHttp11Processor.java:1115)
	at org.apache.coyote.AbstractProtocol$AbstractConnectionHandler.process(AbstractProtocol.java:637)
	at org.apache.tomcat.util.net.JIoEndpoint$SocketProcessor.run(JIoEndpoint.java:318)
	at java.util.concurrent.ThreadPoolExecutor.runWorker(ThreadPoolExecutor.java:1149)
	at java.util.concurrent.ThreadPoolExecutor$Worker.run(ThreadPoolExecutor.java:624)
	at org.apache.tomcat.util.threads.TaskThread$WrappingRunnable.run(TaskThread.java:61)
	at java.lang.Thread.run(Thread.java:748)

Sep 19, 2018 2:30:29 AM org.apache.catalina.core.ApplicationContext log
INFO: SessionListener: contextDestroyed()
Sep 19, 2018 2:30:29 AM org.apache.catalina.core.ApplicationContext log
INFO: ContextListener: contextDestroyed()
Sep 19, 2018 2:38:21 AM org.apache.catalina.core.ApplicationContext log
INFO: ContextListener: contextInitialized()
Sep 19, 2018 2:38:21 AM org.apache.catalina.core.ApplicationContext log
INFO: SessionListener: contextInitialized()
Sep 19, 2018 2:38:21 AM org.apache.catalina.core.ApplicationContext log
INFO: ContextListener: attributeAdded('org.apache.jasper.compiler.TldLocationsCache', 'org.apache.jasper.compiler.TldLocationsCache@475f6a2b')
Sep 19, 2018 2:38:41 AM org.apache.catalina.core.StandardWrapperValve invoke
SEVERE: Servlet.service() for servlet [bob] in context with path [/Asn01] threw exception
java.lang.NullPointerException
	at Asn01.doPost(Asn01.java:219)
	at javax.servlet.http.HttpServlet.service(HttpServlet.java:650)
	at javax.servlet.http.HttpServlet.service(HttpServlet.java:731)
	at org.apache.catalina.core.ApplicationFilterChain.internalDoFilter(ApplicationFilterChain.java:303)
	at org.apache.catalina.core.ApplicationFilterChain.doFilter(ApplicationFilterChain.java:208)
	at org.apache.tomcat.websocket.server.WsFilter.doFilter(WsFilter.java:52)
	at org.apache.catalina.core.ApplicationFilterChain.internalDoFilter(ApplicationFilterChain.java:241)
	at org.apache.catalina.core.ApplicationFilterChain.doFilter(ApplicationFilterChain.java:208)
	at org.apache.catalina.core.StandardWrapperValve.invoke(StandardWrapperValve.java:219)
	at org.apache.catalina.core.StandardContextValve.invoke(StandardContextValve.java:110)
	at org.apache.catalina.authenticator.AuthenticatorBase.invoke(AuthenticatorBase.java:506)
	at org.apache.catalina.core.StandardHostValve.invoke(StandardHostValve.java:169)
	at org.apache.catalina.valves.ErrorReportValve.invoke(ErrorReportValve.java:103)
	at org.apache.catalina.valves.AccessLogValve.invoke(AccessLogValve.java:962)
	at org.apache.catalina.core.StandardEngineValve.invoke(StandardEngineValve.java:116)
	at org.apache.catalina.connector.CoyoteAdapter.service(CoyoteAdapter.java:445)
	at org.apache.coyote.http11.AbstractHttp11Processor.process(AbstractHttp11Processor.java:1115)
	at org.apache.coyote.AbstractProtocol$AbstractConnectionHandler.process(AbstractProtocol.java:637)
	at org.apache.tomcat.util.net.JIoEndpoint$SocketProcessor.run(JIoEndpoint.java:318)
	at java.util.concurrent.ThreadPoolExecutor.runWorker(ThreadPoolExecutor.java:1149)
	at java.util.concurrent.ThreadPoolExecutor$Worker.run(ThreadPoolExecutor.java:624)
	at org.apache.tomcat.util.threads.TaskThread$WrappingRunnable.run(TaskThread.java:61)
	at java.lang.Thread.run(Thread.java:748)

Sep 19, 2018 2:47:48 AM org.apache.catalina.core.ApplicationContext log
INFO: SessionListener: contextDestroyed()
Sep 19, 2018 2:47:48 AM org.apache.catalina.core.ApplicationContext log
INFO: ContextListener: contextDestroyed()
Sep 19, 2018 2:48:34 AM org.apache.catalina.core.ApplicationContext log
INFO: ContextListener: contextInitialized()
Sep 19, 2018 2:48:34 AM org.apache.catalina.core.ApplicationContext log
INFO: SessionListener: contextInitialized()
Sep 19, 2018 2:48:34 AM org.apache.catalina.core.ApplicationContext log
INFO: ContextListener: attributeAdded('org.apache.jasper.compiler.TldLocationsCache', 'org.apache.jasper.compiler.TldLocationsCache@11f7a70')
Sep 19, 2018 2:49:00 AM org.apache.catalina.core.StandardWrapperValve invoke
SEVERE: Servlet.service() for servlet [bob] in context with path [/Asn01] threw exception
java.lang.NullPointerException
	at Asn01.doPost(Asn01.java:217)
	at javax.servlet.http.HttpServlet.service(HttpServlet.java:650)
	at javax.servlet.http.HttpServlet.service(HttpServlet.java:731)
	at org.apache.catalina.core.ApplicationFilterChain.internalDoFilter(ApplicationFilterChain.java:303)
	at org.apache.catalina.core.ApplicationFilterChain.doFilter(ApplicationFilterChain.java:208)
	at org.apache.tomcat.websocket.server.WsFilter.doFilter(WsFilter.java:52)
	at org.apache.catalina.core.ApplicationFilterChain.internalDoFilter(ApplicationFilterChain.java:241)
	at org.apache.catalina.core.ApplicationFilterChain.doFilter(ApplicationFilterChain.java:208)
	at org.apache.catalina.core.StandardWrapperValve.invoke(StandardWrapperValve.java:219)
	at org.apache.catalina.core.StandardContextValve.invoke(StandardContextValve.java:110)
	at org.apache.catalina.authenticator.AuthenticatorBase.invoke(AuthenticatorBase.java:506)
	at org.apache.catalina.core.StandardHostValve.invoke(StandardHostValve.java:169)
	at org.apache.catalina.valves.ErrorReportValve.invoke(ErrorReportValve.java:103)
	at org.apache.catalina.valves.AccessLogValve.invoke(AccessLogValve.java:962)
	at org.apache.catalina.core.StandardEngineValve.invoke(StandardEngineValve.java:116)
	at org.apache.catalina.connector.CoyoteAdapter.service(CoyoteAdapter.java:445)
	at org.apache.coyote.http11.AbstractHttp11Processor.process(AbstractHttp11Processor.java:1115)
	at org.apache.coyote.AbstractProtocol$AbstractConnectionHandler.process(AbstractProtocol.java:637)
	at org.apache.tomcat.util.net.JIoEndpoint$SocketProcessor.run(JIoEndpoint.java:318)
	at java.util.concurrent.ThreadPoolExecutor.runWorker(ThreadPoolExecutor.java:1149)
	at java.util.concurrent.ThreadPoolExecutor$Worker.run(ThreadPoolExecutor.java:624)
	at org.apache.tomcat.util.threads.TaskThread$WrappingRunnable.run(TaskThread.java:61)
	at java.lang.Thread.run(Thread.java:748)

Sep 19, 2018 2:50:11 AM org.apache.catalina.core.ApplicationContext log
INFO: SessionListener: contextDestroyed()
Sep 19, 2018 2:50:11 AM org.apache.catalina.core.ApplicationContext log
INFO: ContextListener: contextDestroyed()
Sep 19, 2018 2:54:11 AM org.apache.catalina.core.ApplicationContext log
INFO: ContextListener: contextInitialized()
Sep 19, 2018 2:54:11 AM org.apache.catalina.core.ApplicationContext log
INFO: SessionListener: contextInitialized()
Sep 19, 2018 2:54:11 AM org.apache.catalina.core.ApplicationContext log
INFO: ContextListener: attributeAdded('org.apache.jasper.compiler.TldLocationsCache', 'org.apache.jasper.compiler.TldLocationsCache@11f7a70')
Sep 19, 2018 2:54:26 AM org.apache.catalina.core.StandardWrapperValve invoke
SEVERE: Servlet.service() for servlet [bob] in context with path [/Asn01] threw exception
java.lang.NullPointerException
	at Asn01.doPost(Asn01.java:221)
	at javax.servlet.http.HttpServlet.service(HttpServlet.java:650)
	at javax.servlet.http.HttpServlet.service(HttpServlet.java:731)
	at org.apache.catalina.core.ApplicationFilterChain.internalDoFilter(ApplicationFilterChain.java:303)
	at org.apache.catalina.core.ApplicationFilterChain.doFilter(ApplicationFilterChain.java:208)
	at org.apache.tomcat.websocket.server.WsFilter.doFilter(WsFilter.java:52)
	at org.apache.catalina.core.ApplicationFilterChain.internalDoFilter(ApplicationFilterChain.java:241)
	at org.apache.catalina.core.ApplicationFilterChain.doFilter(ApplicationFilterChain.java:208)
	at org.apache.catalina.core.StandardWrapperValve.invoke(StandardWrapperValve.java:219)
	at org.apache.catalina.core.StandardContextValve.invoke(StandardContextValve.java:110)
	at org.apache.catalina.authenticator.AuthenticatorBase.invoke(AuthenticatorBase.java:506)
	at org.apache.catalina.core.StandardHostValve.invoke(StandardHostValve.java:169)
	at org.apache.catalina.valves.ErrorReportValve.invoke(ErrorReportValve.java:103)
	at org.apache.catalina.valves.AccessLogValve.invoke(AccessLogValve.java:962)
	at org.apache.catalina.core.StandardEngineValve.invoke(StandardEngineValve.java:116)
	at org.apache.catalina.connector.CoyoteAdapter.service(CoyoteAdapter.java:445)
	at org.apache.coyote.http11.AbstractHttp11Processor.process(AbstractHttp11Processor.java:1115)
	at org.apache.coyote.AbstractProtocol$AbstractConnectionHandler.process(AbstractProtocol.java:637)
	at org.apache.tomcat.util.net.JIoEndpoint$SocketProcessor.run(JIoEndpoint.java:318)
	at java.util.concurrent.ThreadPoolExecutor.runWorker(ThreadPoolExecutor.java:1149)
	at java.util.concurrent.ThreadPoolExecutor$Worker.run(ThreadPoolExecutor.java:624)
	at org.apache.tomcat.util.threads.TaskThread$WrappingRunnable.run(TaskThread.java:61)
	at java.lang.Thread.run(Thread.java:748)

Sep 19, 2018 2:55:22 AM org.apache.catalina.core.ApplicationContext log
INFO: SessionListener: contextDestroyed()
Sep 19, 2018 2:55:22 AM org.apache.catalina.core.ApplicationContext log
INFO: ContextListener: contextDestroyed()
Sep 19, 2018 2:56:24 AM org.apache.catalina.core.ApplicationContext log
INFO: ContextListener: contextInitialized()
Sep 19, 2018 2:56:24 AM org.apache.catalina.core.ApplicationContext log
INFO: SessionListener: contextInitialized()
Sep 19, 2018 2:56:24 AM org.apache.catalina.core.ApplicationContext log
INFO: ContextListener: attributeAdded('org.apache.jasper.compiler.TldLocationsCache', 'org.apache.jasper.compiler.TldLocationsCache@284f1721')
Sep 19, 2018 2:56:55 AM org.apache.catalina.core.StandardWrapperValve invoke
SEVERE: Servlet.service() for servlet [bob] in context with path [/Asn01] threw exception
java.lang.NullPointerException
	at Asn01.doPost(Asn01.java:221)
	at javax.servlet.http.HttpServlet.service(HttpServlet.java:650)
	at javax.servlet.http.HttpServlet.service(HttpServlet.java:731)
	at org.apache.catalina.core.ApplicationFilterChain.internalDoFilter(ApplicationFilterChain.java:303)
	at org.apache.catalina.core.ApplicationFilterChain.doFilter(ApplicationFilterChain.java:208)
	at org.apache.tomcat.websocket.server.WsFilter.doFilter(WsFilter.java:52)
	at org.apache.catalina.core.ApplicationFilterChain.internalDoFilter(ApplicationFilterChain.java:241)
	at org.apache.catalina.core.ApplicationFilterChain.doFilter(ApplicationFilterChain.java:208)
	at org.apache.catalina.core.StandardWrapperValve.invoke(StandardWrapperValve.java:219)
	at org.apache.catalina.core.StandardContextValve.invoke(StandardContextValve.java:110)
	at org.apache.catalina.authenticator.AuthenticatorBase.invoke(AuthenticatorBase.java:506)
	at org.apache.catalina.core.StandardHostValve.invoke(StandardHostValve.java:169)
	at org.apache.catalina.valves.ErrorReportValve.invoke(ErrorReportValve.java:103)
	at org.apache.catalina.valves.AccessLogValve.invoke(AccessLogValve.java:962)
	at org.apache.catalina.core.StandardEngineValve.invoke(StandardEngineValve.java:116)
	at org.apache.catalina.connector.CoyoteAdapter.service(CoyoteAdapter.java:445)
	at org.apache.coyote.http11.AbstractHttp11Processor.process(AbstractHttp11Processor.java:1115)
	at org.apache.coyote.AbstractProtocol$AbstractConnectionHandler.process(AbstractProtocol.java:637)
	at org.apache.tomcat.util.net.JIoEndpoint$SocketProcessor.run(JIoEndpoint.java:316)
	at java.util.concurrent.ThreadPoolExecutor.runWorker(ThreadPoolExecutor.java:1149)
	at java.util.concurrent.ThreadPoolExecutor$Worker.run(ThreadPoolExecutor.java:624)
	at org.apache.tomcat.util.threads.TaskThread$WrappingRunnable.run(TaskThread.java:61)
	at java.lang.Thread.run(Thread.java:748)

Sep 19, 2018 2:57:08 AM org.apache.catalina.core.StandardWrapperValve invoke
SEVERE: Servlet.service() for servlet [bob] in context with path [/Asn01] threw exception
java.lang.NullPointerException
	at Asn01.doPost(Asn01.java:221)
	at javax.servlet.http.HttpServlet.service(HttpServlet.java:650)
	at javax.servlet.http.HttpServlet.service(HttpServlet.java:731)
	at org.apache.catalina.core.ApplicationFilterChain.internalDoFilter(ApplicationFilterChain.java:303)
	at org.apache.catalina.core.ApplicationFilterChain.doFilter(ApplicationFilterChain.java:208)
	at org.apache.tomcat.websocket.server.WsFilter.doFilter(WsFilter.java:52)
	at org.apache.catalina.core.ApplicationFilterChain.internalDoFilter(ApplicationFilterChain.java:241)
	at org.apache.catalina.core.ApplicationFilterChain.doFilter(ApplicationFilterChain.java:208)
	at org.apache.catalina.core.StandardWrapperValve.invoke(StandardWrapperValve.java:219)
	at org.apache.catalina.core.StandardContextValve.invoke(StandardContextValve.java:110)
	at org.apache.catalina.authenticator.AuthenticatorBase.invoke(AuthenticatorBase.java:506)
	at org.apache.catalina.core.StandardHostValve.invoke(StandardHostValve.java:169)
	at org.apache.catalina.valves.ErrorReportValve.invoke(ErrorReportValve.java:103)
	at org.apache.catalina.valves.AccessLogValve.invoke(AccessLogValve.java:962)
	at org.apache.catalina.core.StandardEngineValve.invoke(StandardEngineValve.java:116)
	at org.apache.catalina.connector.CoyoteAdapter.service(CoyoteAdapter.java:445)
	at org.apache.coyote.http11.AbstractHttp11Processor.process(AbstractHttp11Processor.java:1115)
	at org.apache.coyote.AbstractProtocol$AbstractConnectionHandler.process(AbstractProtocol.java:637)
	at org.apache.tomcat.util.net.JIoEndpoint$SocketProcessor.run(JIoEndpoint.java:318)
	at java.util.concurrent.ThreadPoolExecutor.runWorker(ThreadPoolExecutor.java:1149)
	at java.util.concurrent.ThreadPoolExecutor$Worker.run(ThreadPoolExecutor.java:624)
	at org.apache.tomcat.util.threads.TaskThread$WrappingRunnable.run(TaskThread.java:61)
	at java.lang.Thread.run(Thread.java:748)

Sep 19, 2018 2:57:36 AM org.apache.catalina.core.ApplicationContext log
INFO: SessionListener: contextDestroyed()
Sep 19, 2018 2:57:36 AM org.apache.catalina.core.ApplicationContext log
INFO: ContextListener: contextDestroyed()
Sep 19, 2018 3:00:54 AM org.apache.catalina.core.ApplicationContext log
INFO: ContextListener: contextInitialized()
Sep 19, 2018 3:00:54 AM org.apache.catalina.core.ApplicationContext log
INFO: SessionListener: contextInitialized()
Sep 19, 2018 3:00:54 AM org.apache.catalina.core.ApplicationContext log
INFO: ContextListener: attributeAdded('org.apache.jasper.compiler.TldLocationsCache', 'org.apache.jasper.compiler.TldLocationsCache@234362f9')
Sep 19, 2018 3:01:05 AM org.apache.catalina.core.StandardWrapperValve invoke
SEVERE: Servlet.service() for servlet [bob] in context with path [/Asn01] threw exception
java.lang.NullPointerException
	at Asn01.doPost(Asn01.java:226)
	at javax.servlet.http.HttpServlet.service(HttpServlet.java:650)
	at javax.servlet.http.HttpServlet.service(HttpServlet.java:731)
	at org.apache.catalina.core.ApplicationFilterChain.internalDoFilter(ApplicationFilterChain.java:303)
	at org.apache.catalina.core.ApplicationFilterChain.doFilter(ApplicationFilterChain.java:208)
	at org.apache.tomcat.websocket.server.WsFilter.doFilter(WsFilter.java:52)
	at org.apache.catalina.core.ApplicationFilterChain.internalDoFilter(ApplicationFilterChain.java:241)
	at org.apache.catalina.core.ApplicationFilterChain.doFilter(ApplicationFilterChain.java:208)
	at org.apache.catalina.core.StandardWrapperValve.invoke(StandardWrapperValve.java:219)
	at org.apache.catalina.core.StandardContextValve.invoke(StandardContextValve.java:110)
	at org.apache.catalina.authenticator.AuthenticatorBase.invoke(AuthenticatorBase.java:506)
	at org.apache.catalina.core.StandardHostValve.invoke(StandardHostValve.java:169)
	at org.apache.catalina.valves.ErrorReportValve.invoke(ErrorReportValve.java:103)
	at org.apache.catalina.valves.AccessLogValve.invoke(AccessLogValve.java:962)
	at org.apache.catalina.core.StandardEngineValve.invoke(StandardEngineValve.java:116)
	at org.apache.catalina.connector.CoyoteAdapter.service(CoyoteAdapter.java:445)
	at org.apache.coyote.http11.AbstractHttp11Processor.process(AbstractHttp11Processor.java:1115)
	at org.apache.coyote.AbstractProtocol$AbstractConnectionHandler.process(AbstractProtocol.java:637)
	at org.apache.tomcat.util.net.JIoEndpoint$SocketProcessor.run(JIoEndpoint.java:318)
	at java.util.concurrent.ThreadPoolExecutor.runWorker(ThreadPoolExecutor.java:1149)
	at java.util.concurrent.ThreadPoolExecutor$Worker.run(ThreadPoolExecutor.java:624)
	at org.apache.tomcat.util.threads.TaskThread$WrappingRunnable.run(TaskThread.java:61)
	at java.lang.Thread.run(Thread.java:748)

Sep 19, 2018 3:01:22 AM org.apache.catalina.core.ApplicationContext log
INFO: SessionListener: contextDestroyed()
Sep 19, 2018 3:01:22 AM org.apache.catalina.core.ApplicationContext log
INFO: ContextListener: contextDestroyed()
Sep 19, 2018 3:06:19 AM org.apache.catalina.core.ApplicationContext log
INFO: ContextListener: contextInitialized()
Sep 19, 2018 3:06:19 AM org.apache.catalina.core.ApplicationContext log
INFO: SessionListener: contextInitialized()
Sep 19, 2018 3:06:19 AM org.apache.catalina.core.ApplicationContext log
INFO: ContextListener: attributeAdded('org.apache.jasper.compiler.TldLocationsCache', 'org.apache.jasper.compiler.TldLocationsCache@11f7a70')
Sep 19, 2018 3:06:30 AM org.apache.catalina.core.StandardWrapperValve invoke
SEVERE: Servlet.service() for servlet [bob] in context with path [/Asn01] threw exception
java.lang.NullPointerException
	at Asn01.doPost(Asn01.java:181)
	at javax.servlet.http.HttpServlet.service(HttpServlet.java:650)
	at javax.servlet.http.HttpServlet.service(HttpServlet.java:731)
	at org.apache.catalina.core.ApplicationFilterChain.internalDoFilter(ApplicationFilterChain.java:303)
	at org.apache.catalina.core.ApplicationFilterChain.doFilter(ApplicationFilterChain.java:208)
	at org.apache.tomcat.websocket.server.WsFilter.doFilter(WsFilter.java:52)
	at org.apache.catalina.core.ApplicationFilterChain.internalDoFilter(ApplicationFilterChain.java:241)
	at org.apache.catalina.core.ApplicationFilterChain.doFilter(ApplicationFilterChain.java:208)
	at org.apache.catalina.core.StandardWrapperValve.invoke(StandardWrapperValve.java:219)
	at org.apache.catalina.core.StandardContextValve.invoke(StandardContextValve.java:110)
	at org.apache.catalina.authenticator.AuthenticatorBase.invoke(AuthenticatorBase.java:506)
	at org.apache.catalina.core.StandardHostValve.invoke(StandardHostValve.java:169)
	at org.apache.catalina.valves.ErrorReportValve.invoke(ErrorReportValve.java:103)
	at org.apache.catalina.valves.AccessLogValve.invoke(AccessLogValve.java:962)
	at org.apache.catalina.core.StandardEngineValve.invoke(StandardEngineValve.java:116)
	at org.apache.catalina.connector.CoyoteAdapter.service(CoyoteAdapter.java:445)
	at org.apache.coyote.http11.AbstractHttp11Processor.process(AbstractHttp11Processor.java:1115)
	at org.apache.coyote.AbstractProtocol$AbstractConnectionHandler.process(AbstractProtocol.java:637)
	at org.apache.tomcat.util.net.JIoEndpoint$SocketProcessor.run(JIoEndpoint.java:318)
	at java.util.concurrent.ThreadPoolExecutor.runWorker(ThreadPoolExecutor.java:1149)
	at java.util.concurrent.ThreadPoolExecutor$Worker.run(ThreadPoolExecutor.java:624)
	at org.apache.tomcat.util.threads.TaskThread$WrappingRunnable.run(TaskThread.java:61)
	at java.lang.Thread.run(Thread.java:748)

Sep 19, 2018 3:07:22 AM org.apache.catalina.core.ApplicationContext log
INFO: SessionListener: contextDestroyed()
Sep 19, 2018 3:07:22 AM org.apache.catalina.core.ApplicationContext log
INFO: ContextListener: contextDestroyed()
Sep 19, 2018 3:07:51 AM org.apache.catalina.core.ApplicationContext log
INFO: ContextListener: contextInitialized()
Sep 19, 2018 3:07:51 AM org.apache.catalina.core.ApplicationContext log
INFO: SessionListener: contextInitialized()
Sep 19, 2018 3:07:51 AM org.apache.catalina.core.ApplicationContext log
INFO: ContextListener: attributeAdded('org.apache.jasper.compiler.TldLocationsCache', 'org.apache.jasper.compiler.TldLocationsCache@2dd52ab9')
Sep 19, 2018 3:08:02 AM org.apache.catalina.core.StandardWrapperValve invoke
SEVERE: Servlet.service() for servlet [bob] in context with path [/Asn01] threw exception
java.lang.NullPointerException
	at Asn01.doPost(Asn01.java:227)
	at javax.servlet.http.HttpServlet.service(HttpServlet.java:650)
	at javax.servlet.http.HttpServlet.service(HttpServlet.java:731)
	at org.apache.catalina.core.ApplicationFilterChain.internalDoFilter(ApplicationFilterChain.java:303)
	at org.apache.catalina.core.ApplicationFilterChain.doFilter(ApplicationFilterChain.java:208)
	at org.apache.tomcat.websocket.server.WsFilter.doFilter(WsFilter.java:52)
	at org.apache.catalina.core.ApplicationFilterChain.internalDoFilter(ApplicationFilterChain.java:241)
	at org.apache.catalina.core.ApplicationFilterChain.doFilter(ApplicationFilterChain.java:208)
	at org.apache.catalina.core.StandardWrapperValve.invoke(StandardWrapperValve.java:219)
	at org.apache.catalina.core.StandardContextValve.invoke(StandardContextValve.java:110)
	at org.apache.catalina.authenticator.AuthenticatorBase.invoke(AuthenticatorBase.java:506)
	at org.apache.catalina.core.StandardHostValve.invoke(StandardHostValve.java:169)
	at org.apache.catalina.valves.ErrorReportValve.invoke(ErrorReportValve.java:103)
	at org.apache.catalina.valves.AccessLogValve.invoke(AccessLogValve.java:962)
	at org.apache.catalina.core.StandardEngineValve.invoke(StandardEngineValve.java:116)
	at org.apache.catalina.connector.CoyoteAdapter.service(CoyoteAdapter.java:445)
	at org.apache.coyote.http11.AbstractHttp11Processor.process(AbstractHttp11Processor.java:1115)
	at org.apache.coyote.AbstractProtocol$AbstractConnectionHandler.process(AbstractProtocol.java:637)
	at org.apache.tomcat.util.net.JIoEndpoint$SocketProcessor.run(JIoEndpoint.java:318)
	at java.util.concurrent.ThreadPoolExecutor.runWorker(ThreadPoolExecutor.java:1149)
	at java.util.concurrent.ThreadPoolExecutor$Worker.run(ThreadPoolExecutor.java:624)
	at org.apache.tomcat.util.threads.TaskThread$WrappingRunnable.run(TaskThread.java:61)
	at java.lang.Thread.run(Thread.java:748)

Sep 19, 2018 3:08:25 AM org.apache.catalina.core.ApplicationContext log
INFO: SessionListener: contextDestroyed()
Sep 19, 2018 3:08:25 AM org.apache.catalina.core.ApplicationContext log
INFO: ContextListener: contextDestroyed()
Sep 19, 2018 3:10:04 AM org.apache.catalina.core.ApplicationContext log
INFO: ContextListener: contextInitialized()
Sep 19, 2018 3:10:04 AM org.apache.catalina.core.ApplicationContext log
INFO: SessionListener: contextInitialized()
Sep 19, 2018 3:10:04 AM org.apache.catalina.core.ApplicationContext log
INFO: ContextListener: attributeAdded('org.apache.jasper.compiler.TldLocationsCache', 'org.apache.jasper.compiler.TldLocationsCache@4063296a')
Sep 19, 2018 3:10:16 AM org.apache.catalina.core.StandardWrapperValve invoke
SEVERE: Servlet.service() for servlet [bob] in context with path [/Asn01] threw exception
java.lang.NullPointerException
	at Asn01.doPost(Asn01.java:190)
	at javax.servlet.http.HttpServlet.service(HttpServlet.java:650)
	at javax.servlet.http.HttpServlet.service(HttpServlet.java:731)
	at org.apache.catalina.core.ApplicationFilterChain.internalDoFilter(ApplicationFilterChain.java:303)
	at org.apache.catalina.core.ApplicationFilterChain.doFilter(ApplicationFilterChain.java:208)
	at org.apache.tomcat.websocket.server.WsFilter.doFilter(WsFilter.java:52)
	at org.apache.catalina.core.ApplicationFilterChain.internalDoFilter(ApplicationFilterChain.java:241)
	at org.apache.catalina.core.ApplicationFilterChain.doFilter(ApplicationFilterChain.java:208)
	at org.apache.catalina.core.StandardWrapperValve.invoke(StandardWrapperValve.java:219)
	at org.apache.catalina.core.StandardContextValve.invoke(StandardContextValve.java:110)
	at org.apache.catalina.authenticator.AuthenticatorBase.invoke(AuthenticatorBase.java:506)
	at org.apache.catalina.core.StandardHostValve.invoke(StandardHostValve.java:169)
	at org.apache.catalina.valves.ErrorReportValve.invoke(ErrorReportValve.java:103)
	at org.apache.catalina.valves.AccessLogValve.invoke(AccessLogValve.java:962)
	at org.apache.catalina.core.StandardEngineValve.invoke(StandardEngineValve.java:116)
	at org.apache.catalina.connector.CoyoteAdapter.service(CoyoteAdapter.java:445)
	at org.apache.coyote.http11.AbstractHttp11Processor.process(AbstractHttp11Processor.java:1115)
	at org.apache.coyote.AbstractProtocol$AbstractConnectionHandler.process(AbstractProtocol.java:637)
	at org.apache.tomcat.util.net.JIoEndpoint$SocketProcessor.run(JIoEndpoint.java:318)
	at java.util.concurrent.ThreadPoolExecutor.runWorker(ThreadPoolExecutor.java:1149)
	at java.util.concurrent.ThreadPoolExecutor$Worker.run(ThreadPoolExecutor.java:624)
	at org.apache.tomcat.util.threads.TaskThread$WrappingRunnable.run(TaskThread.java:61)
	at java.lang.Thread.run(Thread.java:748)

Sep 19, 2018 3:11:33 AM org.apache.catalina.core.ApplicationContext log
INFO: SessionListener: contextDestroyed()
Sep 19, 2018 3:11:33 AM org.apache.catalina.core.ApplicationContext log
INFO: ContextListener: contextDestroyed()
Sep 19, 2018 3:29:30 AM org.apache.catalina.core.ApplicationContext log
INFO: ContextListener: contextInitialized()
Sep 19, 2018 3:29:30 AM org.apache.catalina.core.ApplicationContext log
INFO: SessionListener: contextInitialized()
Sep 19, 2018 3:29:30 AM org.apache.catalina.core.ApplicationContext log
INFO: ContextListener: attributeAdded('org.apache.jasper.compiler.TldLocationsCache', 'org.apache.jasper.compiler.TldLocationsCache@3394acaf')
Sep 19, 2018 3:34:46 AM org.apache.catalina.core.ApplicationContext log
INFO: ContextListener: contextInitialized()
Sep 19, 2018 3:34:46 AM org.apache.catalina.core.ApplicationContext log
INFO: SessionListener: contextInitialized()
Sep 19, 2018 3:34:46 AM org.apache.catalina.core.ApplicationContext log
INFO: ContextListener: attributeAdded('org.apache.jasper.compiler.TldLocationsCache', 'org.apache.jasper.compiler.TldLocationsCache@2fa1b06e')
Sep 19, 2018 3:34:47 AM org.apache.catalina.core.ApplicationContext log
INFO: SessionListener: contextDestroyed()
Sep 19, 2018 3:34:47 AM org.apache.catalina.core.ApplicationContext log
INFO: ContextListener: contextDestroyed()
Sep 19, 2018 3:34:48 AM org.apache.catalina.core.ApplicationContext log
INFO: SessionListener: contextDestroyed()
Sep 19, 2018 3:34:48 AM org.apache.catalina.core.ApplicationContext log
INFO: ContextListener: contextDestroyed()
Sep 19, 2018 3:34:55 AM org.apache.catalina.core.ApplicationContext log
INFO: ContextListener: contextInitialized()
Sep 19, 2018 3:34:55 AM org.apache.catalina.core.ApplicationContext log
INFO: SessionListener: contextInitialized()
Sep 19, 2018 3:34:55 AM org.apache.catalina.core.ApplicationContext log
INFO: ContextListener: attributeAdded('org.apache.jasper.compiler.TldLocationsCache', 'org.apache.jasper.compiler.TldLocationsCache@4e24c10f')
Sep 19, 2018 3:35:18 AM org.apache.catalina.core.ApplicationContext log
INFO: SessionListener: contextDestroyed()
Sep 19, 2018 3:35:18 AM org.apache.catalina.core.ApplicationContext log
INFO: ContextListener: contextDestroyed()
Sep 19, 2018 3:35:59 AM org.apache.catalina.core.ApplicationContext log
INFO: ContextListener: contextInitialized()
Sep 19, 2018 3:35:59 AM org.apache.catalina.core.ApplicationContext log
INFO: SessionListener: contextInitialized()
Sep 19, 2018 3:35:59 AM org.apache.catalina.core.ApplicationContext log
INFO: ContextListener: attributeAdded('org.apache.jasper.compiler.TldLocationsCache', 'org.apache.jasper.compiler.TldLocationsCache@59d7cd02')
Sep 19, 2018 3:39:28 AM org.apache.catalina.core.ApplicationContext log
INFO: SessionListener: contextDestroyed()
Sep 19, 2018 3:39:28 AM org.apache.catalina.core.ApplicationContext log
INFO: ContextListener: contextDestroyed()
Sep 19, 2018 3:39:34 AM org.apache.catalina.core.ApplicationContext log
INFO: ContextListener: contextInitialized()
Sep 19, 2018 3:39:34 AM org.apache.catalina.core.ApplicationContext log
INFO: SessionListener: contextInitialized()
Sep 19, 2018 3:39:34 AM org.apache.catalina.core.ApplicationContext log
INFO: ContextListener: attributeAdded('org.apache.jasper.compiler.TldLocationsCache', 'org.apache.jasper.compiler.TldLocationsCache@7b3f70c7')
Sep 19, 2018 3:42:08 AM org.apache.catalina.core.ApplicationContext log
INFO: SessionListener: contextDestroyed()
Sep 19, 2018 3:42:08 AM org.apache.catalina.core.ApplicationContext log
INFO: ContextListener: contextDestroyed()
Sep 19, 2018 3:42:15 AM org.apache.catalina.core.ApplicationContext log
INFO: ContextListener: contextInitialized()
Sep 19, 2018 3:42:15 AM org.apache.catalina.core.ApplicationContext log
INFO: SessionListener: contextInitialized()
Sep 19, 2018 3:42:15 AM org.apache.catalina.core.ApplicationContext log
INFO: ContextListener: attributeAdded('org.apache.jasper.compiler.TldLocationsCache', 'org.apache.jasper.compiler.TldLocationsCache@5177486b')
Sep 19, 2018 3:44:25 AM org.apache.catalina.core.ApplicationContext log
INFO: SessionListener: contextDestroyed()
Sep 19, 2018 3:44:25 AM org.apache.catalina.core.ApplicationContext log
INFO: ContextListener: contextDestroyed()
Sep 19, 2018 3:45:57 AM org.apache.catalina.core.ApplicationContext log
INFO: ContextListener: contextInitialized()
Sep 19, 2018 3:45:57 AM org.apache.catalina.core.ApplicationContext log
INFO: SessionListener: contextInitialized()
Sep 19, 2018 3:45:57 AM org.apache.catalina.core.ApplicationContext log
INFO: ContextListener: attributeAdded('org.apache.jasper.compiler.TldLocationsCache', 'org.apache.jasper.compiler.TldLocationsCache@3a633d39')
Sep 19, 2018 3:48:07 AM org.apache.catalina.core.ApplicationContext log
INFO: SessionListener: contextDestroyed()
Sep 19, 2018 3:48:07 AM org.apache.catalina.core.ApplicationContext log
INFO: ContextListener: contextDestroyed()
Sep 19, 2018 9:55:41 AM org.apache.catalina.core.ApplicationContext log
INFO: ContextListener: contextInitialized()
Sep 19, 2018 9:55:41 AM org.apache.catalina.core.ApplicationContext log
INFO: SessionListener: contextInitialized()
Sep 19, 2018 9:55:41 AM org.apache.catalina.core.ApplicationContext log
INFO: ContextListener: attributeAdded('org.apache.jasper.compiler.TldLocationsCache', 'org.apache.jasper.compiler.TldLocationsCache@3a633d39')
Sep 19, 2018 9:57:29 AM org.apache.catalina.core.ApplicationContext log
INFO: SessionListener: contextDestroyed()
Sep 19, 2018 9:57:29 AM org.apache.catalina.core.ApplicationContext log
INFO: ContextListener: contextDestroyed()
Sep 19, 2018 9:57:53 AM org.apache.catalina.core.ApplicationContext log
INFO: ContextListener: contextInitialized()
Sep 19, 2018 9:57:53 AM org.apache.catalina.core.ApplicationContext log
INFO: SessionListener: contextInitialized()
Sep 19, 2018 9:57:53 AM org.apache.catalina.core.ApplicationContext log
INFO: ContextListener: attributeAdded('org.apache.jasper.compiler.TldLocationsCache', 'org.apache.jasper.compiler.TldLocationsCache@2efae38b')
Sep 19, 2018 10:01:53 AM org.apache.catalina.core.ApplicationContext log
INFO: SessionListener: contextDestroyed()
Sep 19, 2018 10:01:53 AM org.apache.catalina.core.ApplicationContext log
INFO: ContextListener: contextDestroyed()
Sep 19, 2018 10:02:11 AM org.apache.catalina.core.ApplicationContext log
INFO: ContextListener: contextInitialized()
Sep 19, 2018 10:02:11 AM org.apache.catalina.core.ApplicationContext log
INFO: SessionListener: contextInitialized()
Sep 19, 2018 10:02:11 AM org.apache.catalina.core.ApplicationContext log
INFO: ContextListener: attributeAdded('org.apache.jasper.compiler.TldLocationsCache', 'org.apache.jasper.compiler.TldLocationsCache@570dec7c')
Sep 19, 2018 10:04:27 AM org.apache.catalina.core.ApplicationContext log
INFO: SessionListener: contextDestroyed()
Sep 19, 2018 10:04:27 AM org.apache.catalina.core.ApplicationContext log
INFO: ContextListener: contextDestroyed()
Sep 19, 2018 10:04:45 AM org.apache.catalina.core.ApplicationContext log
INFO: ContextListener: contextInitialized()
Sep 19, 2018 10:04:45 AM org.apache.catalina.core.ApplicationContext log
INFO: SessionListener: contextInitialized()
Sep 19, 2018 10:04:45 AM org.apache.catalina.core.ApplicationContext log
INFO: ContextListener: attributeAdded('org.apache.jasper.compiler.TldLocationsCache', 'org.apache.jasper.compiler.TldLocationsCache@36f7a64b')
Sep 19, 2018 10:51:55 AM org.apache.catalina.core.ApplicationContext log
INFO: SessionListener: contextDestroyed()
Sep 19, 2018 10:51:55 AM org.apache.catalina.core.ApplicationContext log
INFO: ContextListener: contextDestroyed()
Sep 19, 2018 10:54:24 AM org.apache.catalina.core.ApplicationContext log
INFO: ContextListener: contextInitialized()
Sep 19, 2018 10:54:24 AM org.apache.catalina.core.ApplicationContext log
INFO: SessionListener: contextInitialized()
Sep 19, 2018 10:54:24 AM org.apache.catalina.core.ApplicationContext log
INFO: ContextListener: attributeAdded('org.apache.jasper.compiler.TldLocationsCache', 'org.apache.jasper.compiler.TldLocationsCache@3a633d39')
Sep 19, 2018 10:54:46 AM org.apache.catalina.core.StandardWrapperValve invoke
SEVERE: Servlet.service() for servlet [bob] in context with path [/Asn01] threw exception
java.lang.NullPointerException
	at Asn01.doPost(Asn01.java:219)
	at javax.servlet.http.HttpServlet.service(HttpServlet.java:650)
	at javax.servlet.http.HttpServlet.service(HttpServlet.java:731)
	at org.apache.catalina.core.ApplicationFilterChain.internalDoFilter(ApplicationFilterChain.java:303)
	at org.apache.catalina.core.ApplicationFilterChain.doFilter(ApplicationFilterChain.java:208)
	at org.apache.tomcat.websocket.server.WsFilter.doFilter(WsFilter.java:52)
	at org.apache.catalina.core.ApplicationFilterChain.internalDoFilter(ApplicationFilterChain.java:241)
	at org.apache.catalina.core.ApplicationFilterChain.doFilter(ApplicationFilterChain.java:208)
	at org.apache.catalina.core.StandardWrapperValve.invoke(StandardWrapperValve.java:219)
	at org.apache.catalina.core.StandardContextValve.invoke(StandardContextValve.java:110)
	at org.apache.catalina.authenticator.AuthenticatorBase.invoke(AuthenticatorBase.java:506)
	at org.apache.catalina.core.StandardHostValve.invoke(StandardHostValve.java:169)
	at org.apache.catalina.valves.ErrorReportValve.invoke(ErrorReportValve.java:103)
	at org.apache.catalina.valves.AccessLogValve.invoke(AccessLogValve.java:962)
	at org.apache.catalina.core.StandardEngineValve.invoke(StandardEngineValve.java:116)
	at org.apache.catalina.connector.CoyoteAdapter.service(CoyoteAdapter.java:445)
	at org.apache.coyote.http11.AbstractHttp11Processor.process(AbstractHttp11Processor.java:1115)
	at org.apache.coyote.AbstractProtocol$AbstractConnectionHandler.process(AbstractProtocol.java:637)
	at org.apache.tomcat.util.net.JIoEndpoint$SocketProcessor.run(JIoEndpoint.java:318)
	at java.util.concurrent.ThreadPoolExecutor.runWorker(ThreadPoolExecutor.java:1149)
	at java.util.concurrent.ThreadPoolExecutor$Worker.run(ThreadPoolExecutor.java:624)
	at org.apache.tomcat.util.threads.TaskThread$WrappingRunnable.run(TaskThread.java:61)
	at java.lang.Thread.run(Thread.java:748)

Sep 19, 2018 10:56:09 AM org.apache.catalina.core.ApplicationContext log
INFO: SessionListener: contextDestroyed()
Sep 19, 2018 10:56:09 AM org.apache.catalina.core.ApplicationContext log
INFO: ContextListener: contextDestroyed()
Sep 19, 2018 11:02:28 AM org.apache.catalina.core.ApplicationContext log
INFO: ContextListener: contextInitialized()
Sep 19, 2018 11:02:28 AM org.apache.catalina.core.ApplicationContext log
INFO: SessionListener: contextInitialized()
Sep 19, 2018 11:02:28 AM org.apache.catalina.core.ApplicationContext log
INFO: ContextListener: attributeAdded('org.apache.jasper.compiler.TldLocationsCache', 'org.apache.jasper.compiler.TldLocationsCache@2c3844a9')
Sep 19, 2018 11:16:56 AM org.apache.catalina.core.ApplicationContext log
INFO: SessionListener: contextDestroyed()
Sep 19, 2018 11:16:56 AM org.apache.catalina.core.ApplicationContext log
INFO: ContextListener: contextDestroyed()
Sep 19, 2018 11:17:44 AM org.apache.catalina.core.ApplicationContext log
INFO: ContextListener: contextInitialized()
Sep 19, 2018 11:17:44 AM org.apache.catalina.core.ApplicationContext log
INFO: SessionListener: contextInitialized()
Sep 19, 2018 11:17:44 AM org.apache.catalina.core.ApplicationContext log
INFO: ContextListener: attributeAdded('org.apache.jasper.compiler.TldLocationsCache', 'org.apache.jasper.compiler.TldLocationsCache@36f7a64b')
Sep 19, 2018 11:18:16 AM org.apache.catalina.core.ApplicationContext log
INFO: SessionListener: contextDestroyed()
Sep 19, 2018 11:18:16 AM org.apache.catalina.core.ApplicationContext log
INFO: ContextListener: contextDestroyed()
Sep 19, 2018 11:18:41 AM org.apache.catalina.core.ApplicationContext log
INFO: ContextListener: contextInitialized()
Sep 19, 2018 11:18:41 AM org.apache.catalina.core.ApplicationContext log
INFO: SessionListener: contextInitialized()
Sep 19, 2018 11:18:41 AM org.apache.catalina.core.ApplicationContext log
INFO: ContextListener: attributeAdded('org.apache.jasper.compiler.TldLocationsCache', 'org.apache.jasper.compiler.TldLocationsCache@36f7a64b')
Sep 19, 2018 11:28:16 AM org.apache.catalina.core.ApplicationContext log
INFO: SessionListener: contextDestroyed()
Sep 19, 2018 11:28:16 AM org.apache.catalina.core.ApplicationContext log
INFO: ContextListener: contextDestroyed()
