Sep 11, 2018 12:07:31 AM org.apache.catalina.core.ApplicationContext log
INFO: ContextListener: contextInitialized()
Sep 11, 2018 12:07:31 AM org.apache.catalina.core.ApplicationContext log
INFO: SessionListener: contextInitialized()
Sep 11, 2018 12:07:31 AM org.apache.catalina.core.ApplicationContext log
INFO: ContextListener: attributeAdded('org.apache.jasper.compiler.TldLocationsCache', 'org.apache.jasper.compiler.TldLocationsCache@56d7427a')
Sep 11, 2018 12:18:25 AM org.apache.catalina.core.ApplicationContext log
INFO: SessionListener: contextDestroyed()
Sep 11, 2018 12:18:25 AM org.apache.catalina.core.ApplicationContext log
INFO: ContextListener: contextDestroyed()
Sep 11, 2018 12:23:12 AM org.apache.catalina.core.ApplicationContext log
INFO: ContextListener: contextInitialized()
Sep 11, 2018 12:23:12 AM org.apache.catalina.core.ApplicationContext log
INFO: SessionListener: contextInitialized()
Sep 11, 2018 12:23:12 AM org.apache.catalina.core.ApplicationContext log
INFO: ContextListener: attributeAdded('org.apache.jasper.compiler.TldLocationsCache', 'org.apache.jasper.compiler.TldLocationsCache@56d7427a')
Sep 11, 2018 12:27:07 AM org.apache.catalina.core.ApplicationContext log
INFO: SessionListener: contextDestroyed()
Sep 11, 2018 12:27:07 AM org.apache.catalina.core.ApplicationContext log
INFO: ContextListener: contextDestroyed()
Sep 11, 2018 12:27:36 AM org.apache.catalina.core.ApplicationContext log
INFO: ContextListener: contextInitialized()
Sep 11, 2018 12:27:36 AM org.apache.catalina.core.ApplicationContext log
INFO: SessionListener: contextInitialized()
Sep 11, 2018 12:27:36 AM org.apache.catalina.core.ApplicationContext log
INFO: ContextListener: attributeAdded('org.apache.jasper.compiler.TldLocationsCache', 'org.apache.jasper.compiler.TldLocationsCache@3deb5234')
Sep 11, 2018 12:32:20 AM org.apache.catalina.core.ApplicationContext log
INFO: SessionListener: contextDestroyed()
Sep 11, 2018 12:32:20 AM org.apache.catalina.core.ApplicationContext log
INFO: ContextListener: contextDestroyed()
Sep 11, 2018 12:32:47 AM org.apache.catalina.core.ApplicationContext log
INFO: ContextListener: contextInitialized()
Sep 11, 2018 12:32:47 AM org.apache.catalina.core.ApplicationContext log
INFO: SessionListener: contextInitialized()
Sep 11, 2018 12:32:47 AM org.apache.catalina.core.ApplicationContext log
INFO: ContextListener: attributeAdded('org.apache.jasper.compiler.TldLocationsCache', 'org.apache.jasper.compiler.TldLocationsCache@5c3270cb')
Sep 11, 2018 12:33:34 AM org.apache.catalina.core.ApplicationContext log
INFO: SessionListener: contextDestroyed()
Sep 11, 2018 12:33:34 AM org.apache.catalina.core.ApplicationContext log
INFO: ContextListener: contextDestroyed()
Sep 11, 2018 12:33:59 AM org.apache.catalina.core.ApplicationContext log
INFO: ContextListener: contextInitialized()
Sep 11, 2018 12:33:59 AM org.apache.catalina.core.ApplicationContext log
INFO: SessionListener: contextInitialized()
Sep 11, 2018 12:33:59 AM org.apache.catalina.core.ApplicationContext log
INFO: ContextListener: attributeAdded('org.apache.jasper.compiler.TldLocationsCache', 'org.apache.jasper.compiler.TldLocationsCache@7a361f13')
Sep 11, 2018 1:04:30 AM org.apache.catalina.core.ApplicationContext log
INFO: SessionListener: contextDestroyed()
Sep 11, 2018 1:04:30 AM org.apache.catalina.core.ApplicationContext log
INFO: ContextListener: contextDestroyed()
Sep 11, 2018 1:17:33 PM org.apache.catalina.core.ApplicationContext log
INFO: ContextListener: contextInitialized()
Sep 11, 2018 1:17:33 PM org.apache.catalina.core.ApplicationContext log
INFO: SessionListener: contextInitialized()
Sep 11, 2018 1:17:33 PM org.apache.catalina.core.ApplicationContext log
INFO: ContextListener: attributeAdded('org.apache.jasper.compiler.TldLocationsCache', 'org.apache.jasper.compiler.TldLocationsCache@33e4bf45')
Sep 11, 2018 1:19:13 PM org.apache.catalina.core.ApplicationContext log
INFO: SessionListener: contextDestroyed()
Sep 11, 2018 1:19:13 PM org.apache.catalina.core.ApplicationContext log
INFO: ContextListener: contextDestroyed()
Sep 11, 2018 1:19:40 PM org.apache.catalina.core.ApplicationContext log
INFO: ContextListener: contextInitialized()
Sep 11, 2018 1:19:40 PM org.apache.catalina.core.ApplicationContext log
INFO: SessionListener: contextInitialized()
Sep 11, 2018 1:19:40 PM org.apache.catalina.core.ApplicationContext log
INFO: ContextListener: attributeAdded('org.apache.jasper.compiler.TldLocationsCache', 'org.apache.jasper.compiler.TldLocationsCache@53d840a2')
Sep 11, 2018 1:22:37 PM org.apache.catalina.core.ApplicationContext log
INFO: SessionListener: contextDestroyed()
Sep 11, 2018 1:22:37 PM org.apache.catalina.core.ApplicationContext log
INFO: ContextListener: contextDestroyed()
Sep 11, 2018 1:23:01 PM org.apache.catalina.core.ApplicationContext log
INFO: ContextListener: contextInitialized()
Sep 11, 2018 1:23:01 PM org.apache.catalina.core.ApplicationContext log
INFO: SessionListener: contextInitialized()
Sep 11, 2018 1:23:01 PM org.apache.catalina.core.ApplicationContext log
INFO: ContextListener: attributeAdded('org.apache.jasper.compiler.TldLocationsCache', 'org.apache.jasper.compiler.TldLocationsCache@5c3270cb')
Sep 11, 2018 4:00:42 PM org.apache.catalina.core.ApplicationContext log
INFO: SessionListener: contextDestroyed()
Sep 11, 2018 4:00:42 PM org.apache.catalina.core.ApplicationContext log
INFO: ContextListener: contextDestroyed()
